#
# There is insufficient memory for the Java Runtime Environment to continue.
# Native memory allocation (malloc) failed to allocate 596016 bytes for Chunk::new
# Possible reasons:
#   The system is out of physical RAM or swap space
#   The process is running with CompressedOops enabled, and the Java Heap may be blocking the growth of the native heap
# Possible solutions:
#   Reduce memory load on the system
#   Increase physical memory or swap space
#   Check if swap backing store is full
#   Decrease Java heap size (-Xmx/-Xms)
#   Decrease number of Java threads
#   Decrease Java thread stack sizes (-Xss)
#   Set larger code cache with -XX:ReservedCodeCacheSize=
#   JVM is running with Unscaled Compressed Oops mode in which the Java heap is
#     placed in the first 4GB address space. The Java Heap base address is the
#     maximum limit for the native heap growth. Please use -XX:HeapBaseMinAddress
#     to set the Java Heap base and to place the Java Heap above 4GB virtual address.
# This output file may be truncated or incomplete.
#
#  Out of Memory Error (arena.cpp:189), pid=4972, tid=6996
#
# JRE version: OpenJDK Runtime Environment (17.0.6) (build 17.0.6+0-b2043.56-9586694)
# Java VM: OpenJDK 64-Bit Server VM (17.0.6+0-b2043.56-9586694, mixed mode, tiered, compressed oops, compressed class ptrs, g1 gc, windows-amd64)
# No core dump will be written. Minidumps are not enabled by default on client versions of Windows
#

---------------  S U M M A R Y ------------

Command Line: --add-opens=java.base/java.util=ALL-UNNAMED --add-opens=java.base/java.lang=ALL-UNNAMED --add-opens=java.base/java.lang.invoke=ALL-UNNAMED --add-opens=java.base/java.util=ALL-UNNAMED --add-opens=java.prefs/java.util.prefs=ALL-UNNAMED --add-opens=java.prefs/java.util.prefs=ALL-UNNAMED --add-opens=java.base/java.nio.charset=ALL-UNNAMED --add-opens=java.base/java.net=ALL-UNNAMED --add-opens=java.base/java.util.concurrent.atomic=ALL-UNNAMED -Xmx1536m -Dfile.encoding=windows-1252 -Duser.country=PH -Duser.language=en -Duser.variant org.gradle.launcher.daemon.bootstrap.GradleDaemon 7.2

Host: AMD Ryzen 5 3550H with Radeon Vega Mobile Gfx  , 8 cores, 9G,  Windows 10 , 64 bit Build 19041 (10.0.19041.3031)
Time: Sat Jun 17 01:31:24 2023 Malay Peninsula Standard Time elapsed time: 58.896644 seconds (0d 0h 0m 58s)

---------------  T H R E A D  ---------------

Current thread (0x000001e8cbc17990):  JavaThread "C2 CompilerThread0" daemon [_thread_in_native, id=6996, stack(0x000000a9fa600000,0x000000a9fa700000)]


Current CompileTask:
C2:  58896 10671 %     4       org.gradle.internal.logging.text.AbstractLineChoppingStyledTextOutput::doAppend @ 10 (43 bytes)

Stack: [0x000000a9fa600000,0x000000a9fa700000]
Native frames: (J=compiled Java code, j=interpreted, Vv=VM code, C=native code)
V  [jvm.dll+0x683b4a]
V  [jvm.dll+0x842654]
V  [jvm.dll+0x843dfe]
V  [jvm.dll+0x844463]
V  [jvm.dll+0x249b75]
V  [jvm.dll+0xabcac]
V  [jvm.dll+0xac27c]
V  [jvm.dll+0x368802]
V  [jvm.dll+0x1bced2]
V  [jvm.dll+0x21c359]
V  [jvm.dll+0x21b621]
V  [jvm.dll+0x1a4fdd]
V  [jvm.dll+0x22b098]
V  [jvm.dll+0x229159]
V  [jvm.dll+0x7f809c]
V  [jvm.dll+0x7f25fa]
V  [jvm.dll+0x682985]
C  [ucrtbase.dll+0x21bb2]
C  [KERNEL32.DLL+0x17614]
C  [ntdll.dll+0x526f1]


---------------  P R O C E S S  ---------------

Threads class SMR info:
_java_thread_list=0x000001e8cd679df0, length=45, elements={
0x000001e8b269c630, 0x000001e8cb218020, 0x000001e8cb218a40, 0x000001e8cb1ed650,
0x000001e8cb1ef120, 0x000001e8cb1f19f0, 0x000001e8cb1f22b0, 0x000001e8cbc17990,
0x000001e8cbc18290, 0x000001e8cbc1aba0, 0x000001e8cbdd7430, 0x000001e8cbdd8120,
0x000001e8cd774320, 0x000001e8cf0f5f80, 0x000001e8cf08a7c0, 0x000001e8ceb1fa90,
0x000001e8ce585cf0, 0x000001e8cef39a00, 0x000001e8cef3b6e0, 0x000001e8cef39530,
0x000001e8cef3a870, 0x000001e8cef3b210, 0x000001e8d2a35b40, 0x000001e8d2a304a0,
0x000001e8d2a30970, 0x000001e8d2a30e40, 0x000001e8d2a317e0, 0x000001e8d2a31cb0,
0x000001e8d2a32180, 0x000001e8ce5ee920, 0x000001e8ce5f0fa0, 0x000001e8ce5e9c20,
0x000001e8ce5eaf60, 0x000001e8ce5ec770, 0x000001e8ce5efc60, 0x000001e8ce5ee450,
0x000001e8ce5f1470, 0x000001e8ce5eedf0, 0x000001e8ce5ed110, 0x000001e8ce5eaa90,
0x000001e8ceb5e0c0, 0x000001e8ce5ed5e0, 0x000001e8ce5edab0, 0x000001e8ce5edf80,
0x000001e8ce5eb900
}

Java Threads: ( => current thread )
  0x000001e8b269c630 JavaThread "main" [_thread_blocked, id=6944, stack(0x000000a9f9900000,0x000000a9f9a00000)]
  0x000001e8cb218020 JavaThread "Reference Handler" daemon [_thread_blocked, id=9680, stack(0x000000a9fa000000,0x000000a9fa100000)]
  0x000001e8cb218a40 JavaThread "Finalizer" daemon [_thread_blocked, id=6612, stack(0x000000a9fa100000,0x000000a9fa200000)]
  0x000001e8cb1ed650 JavaThread "Signal Dispatcher" daemon [_thread_blocked, id=7656, stack(0x000000a9fa200000,0x000000a9fa300000)]
  0x000001e8cb1ef120 JavaThread "Attach Listener" daemon [_thread_blocked, id=7932, stack(0x000000a9fa300000,0x000000a9fa400000)]
  0x000001e8cb1f19f0 JavaThread "Service Thread" daemon [_thread_blocked, id=1136, stack(0x000000a9fa400000,0x000000a9fa500000)]
  0x000001e8cb1f22b0 JavaThread "Monitor Deflation Thread" daemon [_thread_blocked, id=11044, stack(0x000000a9fa500000,0x000000a9fa600000)]
=>0x000001e8cbc17990 JavaThread "C2 CompilerThread0" daemon [_thread_in_native, id=6996, stack(0x000000a9fa600000,0x000000a9fa700000)]
  0x000001e8cbc18290 JavaThread "C1 CompilerThread0" daemon [_thread_blocked, id=9328, stack(0x000000a9fa700000,0x000000a9fa800000)]
  0x000001e8cbc1aba0 JavaThread "Sweeper thread" daemon [_thread_blocked, id=10840, stack(0x000000a9fa800000,0x000000a9fa900000)]
  0x000001e8cbdd7430 JavaThread "Common-Cleaner" daemon [_thread_blocked, id=928, stack(0x000000a9fa900000,0x000000a9faa00000)]
  0x000001e8cbdd8120 JavaThread "Notification Thread" daemon [_thread_blocked, id=10064, stack(0x000000a9faa00000,0x000000a9fab00000)]
  0x000001e8cd774320 JavaThread "Daemon health stats" [_thread_blocked, id=2376, stack(0x000000a9fb100000,0x000000a9fb200000)]
  0x000001e8cf0f5f80 JavaThread "Incoming local TCP Connector on port 53174" [_thread_in_native, id=11004, stack(0x000000a9fb200000,0x000000a9fb300000)]
  0x000001e8cf08a7c0 JavaThread "Daemon periodic checks" [_thread_blocked, id=7320, stack(0x000000a9fb300000,0x000000a9fb400000)]
  0x000001e8ceb1fa90 JavaThread "Daemon" [_thread_blocked, id=8360, stack(0x000000a9fb400000,0x000000a9fb500000)]
  0x000001e8ce585cf0 JavaThread "Daemon worker" [_thread_in_native, id=8460, stack(0x000000a9fb700000,0x000000a9fb800000)]
  0x000001e8cef39a00 JavaThread "Cache worker for journal cache (C:\Users\Lumian\.gradle\caches\journal-1)" [_thread_blocked, id=5356, stack(0x000000a9fbe00000,0x000000a9fbf00000)]
  0x000001e8cef3b6e0 JavaThread "File lock request listener" [_thread_in_native, id=9424, stack(0x000000a9fbf00000,0x000000a9fc000000)]
  0x000001e8cef39530 JavaThread "Cache worker for file hash cache (C:\Users\Lumian\.gradle\caches\7.2\fileHashes)" [_thread_blocked, id=4180, stack(0x000000a9fc000000,0x000000a9fc100000)]
  0x000001e8cef3a870 JavaThread "File watcher server" daemon [_thread_in_native, id=1872, stack(0x000000a9fc400000,0x000000a9fc500000)]
  0x000001e8cef3b210 JavaThread "File watcher consumer" daemon [_thread_blocked, id=11096, stack(0x000000a9fc500000,0x000000a9fc600000)]
  0x000001e8d2a35b40 JavaThread "Cache worker for execution history cache (C:\Users\Lumian\.gradle\caches\7.2\executionHistory)" [_thread_blocked, id=10324, stack(0x000000a9fc900000,0x000000a9fca00000)]
  0x000001e8d2a304a0 JavaThread "jar transforms" [_thread_blocked, id=5088, stack(0x000000a9fca00000,0x000000a9fcb00000)]
  0x000001e8d2a30970 JavaThread "jar transforms Thread 2" [_thread_blocked, id=2100, stack(0x000000a9fcb00000,0x000000a9fcc00000)]
  0x000001e8d2a30e40 JavaThread "Cache worker for file content cache (C:\Users\Lumian\.gradle\caches\7.2\fileContent)" [_thread_blocked, id=2716, stack(0x000000a9fcd00000,0x000000a9fce00000)]
  0x000001e8d2a317e0 JavaThread "jar transforms Thread 3" [_thread_blocked, id=10348, stack(0x000000a9fce00000,0x000000a9fcf00000)]
  0x000001e8d2a31cb0 JavaThread "jar transforms Thread 4" [_thread_blocked, id=4184, stack(0x000000a9fcf00000,0x000000a9fd000000)]
  0x000001e8d2a32180 JavaThread "jar transforms Thread 5" [_thread_blocked, id=10164, stack(0x000000a9fd100000,0x000000a9fd200000)]
  0x000001e8ce5ee920 JavaThread "jar transforms Thread 6" [_thread_blocked, id=10664, stack(0x000000a982300000,0x000000a982400000)]
  0x000001e8ce5f0fa0 JavaThread "jar transforms Thread 7" [_thread_blocked, id=9112, stack(0x000000a982400000,0x000000a982500000)]
  0x000001e8ce5e9c20 JavaThread "jar transforms Thread 8" [_thread_blocked, id=10820, stack(0x000000a982500000,0x000000a982600000)]
  0x000001e8ce5eaf60 JavaThread "Memory manager" [_thread_blocked, id=7460, stack(0x000000a982700000,0x000000a982800000)]
  0x000001e8ce5ec770 JavaThread "Handler for socket connection from /127.0.0.1:53174 to /127.0.0.1:53507" [_thread_in_native, id=9296, stack(0x000000a980200000,0x000000a980300000)]
  0x000001e8ce5efc60 JavaThread "Cancel handler" [_thread_blocked, id=3188, stack(0x000000a980300000,0x000000a980400000)]
  0x000001e8ce5ee450 JavaThread "Asynchronous log dispatcher for DefaultDaemonConnection: socket connection from /127.0.0.1:53174 to /127.0.0.1:53507" [_thread_blocked, id=9656, stack(0x000000a980400000,0x000000a980500000)]
  0x000001e8ce5f1470 JavaThread "Stdin handler" [_thread_blocked, id=9360, stack(0x000000a980500000,0x000000a980600000)]
  0x000001e8ce5eedf0 JavaThread "Daemon client event forwarder" [_thread_blocked, id=8308, stack(0x000000a980600000,0x000000a980700000)]
  0x000001e8ce5ed110 JavaThread "Cache worker for file hash cache (C:\Users\Lumian\Desktop\2nd Sem 3rd Year\PetopiaApp\.gradle\7.2\fileHashes)" [_thread_blocked, id=1852, stack(0x000000a980700000,0x000000a980800000)]
  0x000001e8ce5eaa90 JavaThread "Cache worker for checksums cache (C:\Users\Lumian\Desktop\2nd Sem 3rd Year\PetopiaApp\.gradle\checksums)" [_thread_blocked, id=10808, stack(0x000000a980800000,0x000000a980900000)]
  0x000001e8ceb5e0c0 JavaThread "C2 CompilerThread1" daemon [_thread_in_native, id=2004, stack(0x000000a980900000,0x000000a980a00000)]
  0x000001e8ce5ed5e0 JavaThread "Cache worker for cache directory md-supplier (C:\Users\Lumian\.gradle\caches\7.2\md-supplier)" [_thread_blocked, id=11016, stack(0x000000a980a00000,0x000000a980b00000)]
  0x000001e8ce5edab0 JavaThread "Cache worker for cache directory md-rule (C:\Users\Lumian\.gradle\caches\7.2\md-rule)" [_thread_blocked, id=4348, stack(0x000000a980b00000,0x000000a980c00000)]
  0x000001e8ce5edf80 JavaThread "Cache worker for dependencies-accessors (C:\Users\Lumian\Desktop\2nd Sem 3rd Year\PetopiaApp\.gradle\7.2\dependencies-accessors)" [_thread_blocked, id=1000, stack(0x000000a980c00000,0x000000a980d00000)]
  0x000001e8ce5eb900 JavaThread "Cache worker for Build Output Cleanup Cache (C:\Users\Lumian\Desktop\2nd Sem 3rd Year\PetopiaApp\.gradle\buildOutputCleanup)" [_thread_blocked, id=7672, stack(0x000000a980d00000,0x000000a980e00000)]

Other Threads:
  0x000001e8cb1d4fd0 VMThread "VM Thread" [stack: 0x000000a9f9f00000,0x000000a9fa000000] [id=9476]
  0x000001e8b2708eb0 WatcherThread [stack: 0x000000a9fab00000,0x000000a9fac00000] [id=3800]
  0x000001e8b26ea580 GCTaskThread "GC Thread#0" [stack: 0x000000a9f9a00000,0x000000a9f9b00000] [id=7396]
  0x000001e8cca6ada0 GCTaskThread "GC Thread#1" [stack: 0x000000a9fad00000,0x000000a9fae00000] [id=6136]
  0x000001e8ccd4b4f0 GCTaskThread "GC Thread#2" [stack: 0x000000a9fae00000,0x000000a9faf00000] [id=6108]
  0x000001e8cce09490 GCTaskThread "GC Thread#3" [stack: 0x000000a9faf00000,0x000000a9fb000000] [id=8964]
  0x000001e8ccd2f180 GCTaskThread "GC Thread#4" [stack: 0x000000a9fb000000,0x000000a9fb100000] [id=10912]
  0x000001e8cf267260 GCTaskThread "GC Thread#5" [stack: 0x000000a9fac00000,0x000000a9fad00000] [id=2240]
  0x000001e8cf267d20 GCTaskThread "GC Thread#6" [stack: 0x000000a9fbb00000,0x000000a9fbc00000] [id=8012]
  0x000001e8cf267510 GCTaskThread "GC Thread#7" [stack: 0x000000a9fbc00000,0x000000a9fbd00000] [id=6884]
  0x000001e8b26f73d0 ConcurrentGCThread "G1 Main Marker" [stack: 0x000000a9f9b00000,0x000000a9f9c00000] [id=10564]
  0x000001e8b26f8d00 ConcurrentGCThread "G1 Conc#0" [stack: 0x000000a9f9c00000,0x000000a9f9d00000] [id=256]
  0x000001e8cf266fb0 ConcurrentGCThread "G1 Conc#1" [stack: 0x000000a9fbd00000,0x000000a9fbe00000] [id=3604]
  0x000001e8cb0520c0 ConcurrentGCThread "G1 Refine#0" [stack: 0x000000a9f9d00000,0x000000a9f9e00000] [id=9260]
  0x000001e8ce9cca40 ConcurrentGCThread "G1 Refine#1" [stack: 0x000000a9fcc00000,0x000000a9fcd00000] [id=6040]
  0x000001e8cb0529f0 ConcurrentGCThread "G1 Service" [stack: 0x000000a9f9e00000,0x000000a9f9f00000] [id=9544]

Threads with active compile tasks:
C2 CompilerThread0    58928 10671 %     4       org.gradle.internal.logging.text.AbstractLineChoppingStyledTextOutput::doAppend @ 10 (43 bytes)
C2 CompilerThread1    58928 10708       4       org.gradle.internal.service.DefaultServiceRegistry$SingletonService::get (5 bytes)

VM state: not at safepoint (normal execution)

VM Mutex/Monitor currently owned by a thread: None

Heap address: 0x00000000a0000000, size: 1536 MB, Compressed Oops mode: 32-bit

CDS archive(s) not mapped
Compressed class space mapped at: 0x0000000100000000-0x0000000140000000, reserved size: 1073741824
Narrow klass base: 0x0000000000000000, Narrow klass shift: 3, Narrow klass range: 0x140000000

GC Precious Log:
 CPUs: 8 total, 8 available
 Memory: 10178M
 Large Page Support: Disabled
 NUMA Support: Disabled
 Compressed Oops: Enabled (32-bit)
 Heap Region Size: 1M
 Heap Min Capacity: 8M
 Heap Initial Capacity: 160M
 Heap Max Capacity: 1536M
 Pre-touch: Disabled
 Parallel Workers: 8
 Concurrent Workers: 2
 Concurrent Refinement Workers: 8
 Periodic GC: Disabled

Heap:
 garbage-first heap   total 225280K, used 104588K [0x00000000a0000000, 0x0000000100000000)
  region size 1024K, 30 young (30720K), 6 survivors (6144K)
 Metaspace       used 82402K, committed 83008K, reserved 1122304K
  class space    used 11118K, committed 11392K, reserved 1048576K

Heap Regions: E=young(eden), S=young(survivor), O=old, HS=humongous(starts), HC=humongous(continues), CS=collection set, F=free, OA=open archive, CA=closed archive, TAMS=top-at-mark-start (previous, next)
|   0|0x00000000a0000000, 0x00000000a0100000, 0x00000000a0100000|100%| O|  |TAMS 0x00000000a0100000, 0x00000000a0000000| Untracked 
|   1|0x00000000a0100000, 0x00000000a0200000, 0x00000000a0200000|100%| O|  |TAMS 0x00000000a0200000, 0x00000000a0100000| Untracked 
|   2|0x00000000a0200000, 0x00000000a0300000, 0x00000000a0300000|100%| O|  |TAMS 0x00000000a0300000, 0x00000000a0200000| Untracked 
|   3|0x00000000a0300000, 0x00000000a0400000, 0x00000000a0400000|100%|HS|  |TAMS 0x00000000a0400000, 0x00000000a0300000| Complete 
|   4|0x00000000a0400000, 0x00000000a0500000, 0x00000000a0500000|100%|HC|  |TAMS 0x00000000a0500000, 0x00000000a0400000| Complete 
|   5|0x00000000a0500000, 0x00000000a0600000, 0x00000000a0600000|100%|HC|  |TAMS 0x00000000a0600000, 0x00000000a0500000| Complete 
|   6|0x00000000a0600000, 0x00000000a0700000, 0x00000000a0700000|100%| O|  |TAMS 0x00000000a0700000, 0x00000000a0600000| Untracked 
|   7|0x00000000a0700000, 0x00000000a0800000, 0x00000000a0800000|100%| O|  |TAMS 0x00000000a0800000, 0x00000000a0700000| Untracked 
|   8|0x00000000a0800000, 0x00000000a0900000, 0x00000000a0900000|100%| O|  |TAMS 0x00000000a0900000, 0x00000000a0800000| Untracked 
|   9|0x00000000a0900000, 0x00000000a0a00000, 0x00000000a0a00000|100%| O|  |TAMS 0x00000000a0a00000, 0x00000000a0900000| Untracked 
|  10|0x00000000a0a00000, 0x00000000a0b00000, 0x00000000a0b00000|100%| O|  |TAMS 0x00000000a0b00000, 0x00000000a0a00000| Untracked 
|  11|0x00000000a0b00000, 0x00000000a0c00000, 0x00000000a0c00000|100%| O|  |TAMS 0x00000000a0c00000, 0x00000000a0b00000| Untracked 
|  12|0x00000000a0c00000, 0x00000000a0d00000, 0x00000000a0d00000|100%| O|  |TAMS 0x00000000a0d00000, 0x00000000a0c00000| Untracked 
|  13|0x00000000a0d00000, 0x00000000a0e00000, 0x00000000a0e00000|100%| O|  |TAMS 0x00000000a0e00000, 0x00000000a0d00000| Untracked 
|  14|0x00000000a0e00000, 0x00000000a0f00000, 0x00000000a0f00000|100%| O|  |TAMS 0x00000000a0f00000, 0x00000000a0e00000| Untracked 
|  15|0x00000000a0f00000, 0x00000000a1000000, 0x00000000a1000000|100%| O|  |TAMS 0x00000000a1000000, 0x00000000a0f00000| Untracked 
|  16|0x00000000a1000000, 0x00000000a1100000, 0x00000000a1100000|100%| O|  |TAMS 0x00000000a1100000, 0x00000000a1000000| Untracked 
|  17|0x00000000a1100000, 0x00000000a1200000, 0x00000000a1200000|100%| O|  |TAMS 0x00000000a1200000, 0x00000000a1100000| Untracked 
|  18|0x00000000a1200000, 0x00000000a1300000, 0x00000000a1300000|100%| O|  |TAMS 0x00000000a1300000, 0x00000000a1200000| Untracked 
|  19|0x00000000a1300000, 0x00000000a1400000, 0x00000000a1400000|100%| O|  |TAMS 0x00000000a1400000, 0x00000000a1300000| Untracked 
|  20|0x00000000a1400000, 0x00000000a1500000, 0x00000000a1500000|100%| O|  |TAMS 0x00000000a1500000, 0x00000000a1400000| Untracked 
|  21|0x00000000a1500000, 0x00000000a1600000, 0x00000000a1600000|100%| O|  |TAMS 0x00000000a1600000, 0x00000000a1500000| Untracked 
|  22|0x00000000a1600000, 0x00000000a1700000, 0x00000000a1700000|100%| O|  |TAMS 0x00000000a1700000, 0x00000000a1600000| Untracked 
|  23|0x00000000a1700000, 0x00000000a1800000, 0x00000000a1800000|100%| O|  |TAMS 0x00000000a1800000, 0x00000000a1700000| Untracked 
|  24|0x00000000a1800000, 0x00000000a1900000, 0x00000000a1900000|100%| O|  |TAMS 0x00000000a1900000, 0x00000000a1800000| Untracked 
|  25|0x00000000a1900000, 0x00000000a1a00000, 0x00000000a1a00000|100%| O|  |TAMS 0x00000000a1a00000, 0x00000000a1900000| Untracked 
|  26|0x00000000a1a00000, 0x00000000a1b00000, 0x00000000a1b00000|100%| O|  |TAMS 0x00000000a1b00000, 0x00000000a1a00000| Untracked 
|  27|0x00000000a1b00000, 0x00000000a1c00000, 0x00000000a1c00000|100%| O|  |TAMS 0x00000000a1c00000, 0x00000000a1b00000| Untracked 
|  28|0x00000000a1c00000, 0x00000000a1d00000, 0x00000000a1d00000|100%| O|  |TAMS 0x00000000a1d00000, 0x00000000a1c00000| Untracked 
|  29|0x00000000a1d00000, 0x00000000a1e00000, 0x00000000a1e00000|100%| O|  |TAMS 0x00000000a1e00000, 0x00000000a1d00000| Untracked 
|  30|0x00000000a1e00000, 0x00000000a1f00000, 0x00000000a1f00000|100%| O|  |TAMS 0x00000000a1f00000, 0x00000000a1e00000| Untracked 
|  31|0x00000000a1f00000, 0x00000000a2000000, 0x00000000a2000000|100%| O|  |TAMS 0x00000000a2000000, 0x00000000a1f00000| Untracked 
|  32|0x00000000a2000000, 0x00000000a2100000, 0x00000000a2100000|100%| O|  |TAMS 0x00000000a2100000, 0x00000000a2000000| Untracked 
|  33|0x00000000a2100000, 0x00000000a2200000, 0x00000000a2200000|100%| O|  |TAMS 0x00000000a2200000, 0x00000000a2100000| Untracked 
|  34|0x00000000a2200000, 0x00000000a2200000, 0x00000000a2300000|  0%| F|  |TAMS 0x00000000a2200000, 0x00000000a2200000| Untracked 
|  35|0x00000000a2300000, 0x00000000a2400000, 0x00000000a2400000|100%|HS|  |TAMS 0x00000000a2400000, 0x00000000a2300000| Complete 
|  36|0x00000000a2400000, 0x00000000a2500000, 0x00000000a2500000|100%|HS|  |TAMS 0x00000000a2500000, 0x00000000a2400000| Complete 
|  37|0x00000000a2500000, 0x00000000a2600000, 0x00000000a2600000|100%| O|  |TAMS 0x00000000a2500000, 0x00000000a2500000| Untracked 
|  38|0x00000000a2600000, 0x00000000a2700000, 0x00000000a2700000|100%| O|  |TAMS 0x00000000a2700000, 0x00000000a2600000| Untracked 
|  39|0x00000000a2700000, 0x00000000a2800000, 0x00000000a2800000|100%|HS|  |TAMS 0x00000000a2800000, 0x00000000a2700000| Complete 
|  40|0x00000000a2800000, 0x00000000a2900000, 0x00000000a2900000|100%|HC|  |TAMS 0x00000000a2900000, 0x00000000a2800000| Complete 
|  41|0x00000000a2900000, 0x00000000a2a00000, 0x00000000a2a00000|100%| O|  |TAMS 0x00000000a2a00000, 0x00000000a2900000| Untracked 
|  42|0x00000000a2a00000, 0x00000000a2b00000, 0x00000000a2b00000|100%| O|  |TAMS 0x00000000a2b00000, 0x00000000a2a00000| Untracked 
|  43|0x00000000a2b00000, 0x00000000a2c00000, 0x00000000a2c00000|100%| O|  |TAMS 0x00000000a2c00000, 0x00000000a2b00000| Untracked 
|  44|0x00000000a2c00000, 0x00000000a2d00000, 0x00000000a2d00000|100%| O|  |TAMS 0x00000000a2d00000, 0x00000000a2c00000| Untracked 
|  45|0x00000000a2d00000, 0x00000000a2e00000, 0x00000000a2e00000|100%| O|  |TAMS 0x00000000a2e00000, 0x00000000a2d00000| Untracked 
|  46|0x00000000a2e00000, 0x00000000a2f00000, 0x00000000a2f00000|100%| O|  |TAMS 0x00000000a2f00000, 0x00000000a2e00000| Untracked 
|  47|0x00000000a2f00000, 0x00000000a3000000, 0x00000000a3000000|100%| O|  |TAMS 0x00000000a3000000, 0x00000000a2f00000| Untracked 
|  48|0x00000000a3000000, 0x00000000a3100000, 0x00000000a3100000|100%| O|  |TAMS 0x00000000a3100000, 0x00000000a3000000| Untracked 
|  49|0x00000000a3100000, 0x00000000a3200000, 0x00000000a3200000|100%| O|  |TAMS 0x00000000a3200000, 0x00000000a3100000| Untracked 
|  50|0x00000000a3200000, 0x00000000a3300000, 0x00000000a3300000|100%| O|  |TAMS 0x00000000a3300000, 0x00000000a3200000| Untracked 
|  51|0x00000000a3300000, 0x00000000a3400000, 0x00000000a3400000|100%| O|  |TAMS 0x00000000a3400000, 0x00000000a3300000| Untracked 
|  52|0x00000000a3400000, 0x00000000a3500000, 0x00000000a3500000|100%| O|  |TAMS 0x00000000a3500000, 0x00000000a3400000| Untracked 
|  53|0x00000000a3500000, 0x00000000a3600000, 0x00000000a3600000|100%| O|  |TAMS 0x00000000a3600000, 0x00000000a3500000| Untracked 
|  54|0x00000000a3600000, 0x00000000a3700000, 0x00000000a3700000|100%| O|  |TAMS 0x00000000a3700000, 0x00000000a3600000| Untracked 
|  55|0x00000000a3700000, 0x00000000a3800000, 0x00000000a3800000|100%| O|  |TAMS 0x00000000a3800000, 0x00000000a3700000| Untracked 
|  56|0x00000000a3800000, 0x00000000a3900000, 0x00000000a3900000|100%| O|  |TAMS 0x00000000a3900000, 0x00000000a3800000| Untracked 
|  57|0x00000000a3900000, 0x00000000a3a00000, 0x00000000a3a00000|100%| O|  |TAMS 0x00000000a3a00000, 0x00000000a3900000| Untracked 
|  58|0x00000000a3a00000, 0x00000000a3b00000, 0x00000000a3b00000|100%| O|  |TAMS 0x00000000a3b00000, 0x00000000a3a00000| Untracked 
|  59|0x00000000a3b00000, 0x00000000a3c00000, 0x00000000a3c00000|100%| O|  |TAMS 0x00000000a3c00000, 0x00000000a3b00000| Untracked 
|  60|0x00000000a3c00000, 0x00000000a3d00000, 0x00000000a3d00000|100%| O|  |TAMS 0x00000000a3d00000, 0x00000000a3c00000| Untracked 
|  61|0x00000000a3d00000, 0x00000000a3e00000, 0x00000000a3e00000|100%| O|  |TAMS 0x00000000a3e00000, 0x00000000a3d00000| Untracked 
|  62|0x00000000a3e00000, 0x00000000a3f00000, 0x00000000a3f00000|100%| O|  |TAMS 0x00000000a3f00000, 0x00000000a3e00000| Untracked 
|  63|0x00000000a3f00000, 0x00000000a4000000, 0x00000000a4000000|100%| O|  |TAMS 0x00000000a4000000, 0x00000000a3f00000| Untracked 
|  64|0x00000000a4000000, 0x00000000a4100000, 0x00000000a4100000|100%| O|  |TAMS 0x00000000a4100000, 0x00000000a4000000| Untracked 
|  65|0x00000000a4100000, 0x00000000a4200000, 0x00000000a4200000|100%| O|  |TAMS 0x00000000a41fc800, 0x00000000a4100000| Untracked 
|  66|0x00000000a4200000, 0x00000000a4300000, 0x00000000a4300000|100%| O|  |TAMS 0x00000000a4200000, 0x00000000a4200000| Untracked 
|  67|0x00000000a4300000, 0x00000000a4400000, 0x00000000a4400000|100%| O|  |TAMS 0x00000000a4300000, 0x00000000a4300000| Untracked 
|  68|0x00000000a4400000, 0x00000000a4500000, 0x00000000a4500000|100%| O|  |TAMS 0x00000000a4400000, 0x00000000a4400000| Untracked 
|  69|0x00000000a4500000, 0x00000000a4600000, 0x00000000a4600000|100%| O|  |TAMS 0x00000000a4500000, 0x00000000a4500000| Untracked 
|  70|0x00000000a4600000, 0x00000000a4700000, 0x00000000a4700000|100%| O|  |TAMS 0x00000000a4600000, 0x00000000a4600000| Untracked 
|  71|0x00000000a4700000, 0x00000000a4800000, 0x00000000a4800000|100%| O|  |TAMS 0x00000000a4700000, 0x00000000a4700000| Untracked 
|  72|0x00000000a4800000, 0x00000000a4900000, 0x00000000a4900000|100%| O|  |TAMS 0x00000000a4800000, 0x00000000a4800000| Untracked 
|  73|0x00000000a4900000, 0x00000000a4a00000, 0x00000000a4a00000|100%| O|  |TAMS 0x00000000a4900000, 0x00000000a4900000| Untracked 
|  74|0x00000000a4a00000, 0x00000000a4b00000, 0x00000000a4b00000|100%| O|  |TAMS 0x00000000a4a00000, 0x00000000a4a00000| Untracked 
|  75|0x00000000a4b00000, 0x00000000a4b96000, 0x00000000a4c00000| 58%| O|  |TAMS 0x00000000a4b00000, 0x00000000a4b00000| Untracked 
|  76|0x00000000a4c00000, 0x00000000a4c00000, 0x00000000a4d00000|  0%| F|  |TAMS 0x00000000a4c00000, 0x00000000a4c00000| Untracked 
|  77|0x00000000a4d00000, 0x00000000a4d00000, 0x00000000a4e00000|  0%| F|  |TAMS 0x00000000a4d00000, 0x00000000a4d00000| Untracked 
|  78|0x00000000a4e00000, 0x00000000a4e00000, 0x00000000a4f00000|  0%| F|  |TAMS 0x00000000a4e00000, 0x00000000a4e00000| Untracked 
|  79|0x00000000a4f00000, 0x00000000a4f00000, 0x00000000a5000000|  0%| F|  |TAMS 0x00000000a4f00000, 0x00000000a4f00000| Untracked 
|  80|0x00000000a5000000, 0x00000000a5000000, 0x00000000a5100000|  0%| F|  |TAMS 0x00000000a5000000, 0x00000000a5000000| Untracked 
|  81|0x00000000a5100000, 0x00000000a5100000, 0x00000000a5200000|  0%| F|  |TAMS 0x00000000a5100000, 0x00000000a5100000| Untracked 
|  82|0x00000000a5200000, 0x00000000a5200000, 0x00000000a5300000|  0%| F|  |TAMS 0x00000000a5200000, 0x00000000a5200000| Untracked 
|  83|0x00000000a5300000, 0x00000000a5300000, 0x00000000a5400000|  0%| F|  |TAMS 0x00000000a5300000, 0x00000000a5300000| Untracked 
|  84|0x00000000a5400000, 0x00000000a5400000, 0x00000000a5500000|  0%| F|  |TAMS 0x00000000a5400000, 0x00000000a5400000| Untracked 
|  85|0x00000000a5500000, 0x00000000a5500000, 0x00000000a5600000|  0%| F|  |TAMS 0x00000000a5500000, 0x00000000a5500000| Untracked 
|  86|0x00000000a5600000, 0x00000000a5600000, 0x00000000a5700000|  0%| F|  |TAMS 0x00000000a5600000, 0x00000000a5600000| Untracked 
|  87|0x00000000a5700000, 0x00000000a5700000, 0x00000000a5800000|  0%| F|  |TAMS 0x00000000a5700000, 0x00000000a5700000| Untracked 
|  88|0x00000000a5800000, 0x00000000a5800000, 0x00000000a5900000|  0%| F|  |TAMS 0x00000000a5800000, 0x00000000a5800000| Untracked 
|  89|0x00000000a5900000, 0x00000000a5900000, 0x00000000a5a00000|  0%| F|  |TAMS 0x00000000a5900000, 0x00000000a5900000| Untracked 
|  90|0x00000000a5a00000, 0x00000000a5a00000, 0x00000000a5b00000|  0%| F|  |TAMS 0x00000000a5a00000, 0x00000000a5a00000| Untracked 
|  91|0x00000000a5b00000, 0x00000000a5b00000, 0x00000000a5c00000|  0%| F|  |TAMS 0x00000000a5b00000, 0x00000000a5b00000| Untracked 
|  92|0x00000000a5c00000, 0x00000000a5c00000, 0x00000000a5d00000|  0%| F|  |TAMS 0x00000000a5c00000, 0x00000000a5c00000| Untracked 
|  93|0x00000000a5d00000, 0x00000000a5d00000, 0x00000000a5e00000|  0%| F|  |TAMS 0x00000000a5d00000, 0x00000000a5d00000| Untracked 
|  94|0x00000000a5e00000, 0x00000000a5e00000, 0x00000000a5f00000|  0%| F|  |TAMS 0x00000000a5e00000, 0x00000000a5e00000| Untracked 
|  95|0x00000000a5f00000, 0x00000000a5f00000, 0x00000000a6000000|  0%| F|  |TAMS 0x00000000a5f00000, 0x00000000a5f00000| Untracked 
|  96|0x00000000a6000000, 0x00000000a6000000, 0x00000000a6100000|  0%| F|  |TAMS 0x00000000a6000000, 0x00000000a6000000| Untracked 
|  97|0x00000000a6100000, 0x00000000a6100000, 0x00000000a6200000|  0%| F|  |TAMS 0x00000000a6100000, 0x00000000a6100000| Untracked 
|  98|0x00000000a6200000, 0x00000000a6200000, 0x00000000a6300000|  0%| F|  |TAMS 0x00000000a6200000, 0x00000000a6200000| Untracked 
|  99|0x00000000a6300000, 0x00000000a6300000, 0x00000000a6400000|  0%| F|  |TAMS 0x00000000a6300000, 0x00000000a6300000| Untracked 
| 100|0x00000000a6400000, 0x00000000a6400000, 0x00000000a6500000|  0%| F|  |TAMS 0x00000000a6400000, 0x00000000a6400000| Untracked 
| 101|0x00000000a6500000, 0x00000000a6500000, 0x00000000a6600000|  0%| F|  |TAMS 0x00000000a6500000, 0x00000000a6500000| Untracked 
| 102|0x00000000a6600000, 0x00000000a6600000, 0x00000000a6700000|  0%| F|  |TAMS 0x00000000a6600000, 0x00000000a6600000| Untracked 
| 103|0x00000000a6700000, 0x00000000a6700000, 0x00000000a6800000|  0%| F|  |TAMS 0x00000000a6700000, 0x00000000a6700000| Untracked 
| 104|0x00000000a6800000, 0x00000000a6800000, 0x00000000a6900000|  0%| F|  |TAMS 0x00000000a6800000, 0x00000000a6800000| Untracked 
| 105|0x00000000a6900000, 0x00000000a6900000, 0x00000000a6a00000|  0%| F|  |TAMS 0x00000000a6900000, 0x00000000a6900000| Untracked 
| 106|0x00000000a6a00000, 0x00000000a6a00000, 0x00000000a6b00000|  0%| F|  |TAMS 0x00000000a6a00000, 0x00000000a6a00000| Untracked 
| 107|0x00000000a6b00000, 0x00000000a6b00000, 0x00000000a6c00000|  0%| F|  |TAMS 0x00000000a6b00000, 0x00000000a6b00000| Untracked 
| 108|0x00000000a6c00000, 0x00000000a6c00000, 0x00000000a6d00000|  0%| F|  |TAMS 0x00000000a6c00000, 0x00000000a6c00000| Untracked 
| 109|0x00000000a6d00000, 0x00000000a6d00000, 0x00000000a6e00000|  0%| F|  |TAMS 0x00000000a6d00000, 0x00000000a6d00000| Untracked 
| 110|0x00000000a6e00000, 0x00000000a6e00000, 0x00000000a6f00000|  0%| F|  |TAMS 0x00000000a6e00000, 0x00000000a6e00000| Untracked 
| 111|0x00000000a6f00000, 0x00000000a6f00000, 0x00000000a7000000|  0%| F|  |TAMS 0x00000000a6f00000, 0x00000000a6f00000| Untracked 
| 112|0x00000000a7000000, 0x00000000a7000000, 0x00000000a7100000|  0%| F|  |TAMS 0x00000000a7000000, 0x00000000a7000000| Untracked 
| 113|0x00000000a7100000, 0x00000000a7100000, 0x00000000a7200000|  0%| F|  |TAMS 0x00000000a7100000, 0x00000000a7100000| Untracked 
| 114|0x00000000a7200000, 0x00000000a7200000, 0x00000000a7300000|  0%| F|  |TAMS 0x00000000a7200000, 0x00000000a7200000| Untracked 
| 115|0x00000000a7300000, 0x00000000a7300000, 0x00000000a7400000|  0%| F|  |TAMS 0x00000000a7300000, 0x00000000a7300000| Untracked 
| 116|0x00000000a7400000, 0x00000000a7400000, 0x00000000a7500000|  0%| F|  |TAMS 0x00000000a7400000, 0x00000000a7400000| Untracked 
| 117|0x00000000a7500000, 0x00000000a7500000, 0x00000000a7600000|  0%| F|  |TAMS 0x00000000a7500000, 0x00000000a7500000| Untracked 
| 118|0x00000000a7600000, 0x00000000a7600000, 0x00000000a7700000|  0%| F|  |TAMS 0x00000000a7600000, 0x00000000a7600000| Untracked 
| 119|0x00000000a7700000, 0x00000000a7700000, 0x00000000a7800000|  0%| F|  |TAMS 0x00000000a7700000, 0x00000000a7700000| Untracked 
| 120|0x00000000a7800000, 0x00000000a7800000, 0x00000000a7900000|  0%| F|  |TAMS 0x00000000a7800000, 0x00000000a7800000| Untracked 
| 121|0x00000000a7900000, 0x00000000a798d320, 0x00000000a7a00000| 55%| S|CS|TAMS 0x00000000a7900000, 0x00000000a7900000| Complete 
| 122|0x00000000a7a00000, 0x00000000a7b00000, 0x00000000a7b00000|100%| S|CS|TAMS 0x00000000a7a00000, 0x00000000a7a00000| Complete 
| 123|0x00000000a7b00000, 0x00000000a7c00000, 0x00000000a7c00000|100%| S|CS|TAMS 0x00000000a7b00000, 0x00000000a7b00000| Complete 
| 124|0x00000000a7c00000, 0x00000000a7d00000, 0x00000000a7d00000|100%| S|CS|TAMS 0x00000000a7c00000, 0x00000000a7c00000| Complete 
| 125|0x00000000a7d00000, 0x00000000a7e00000, 0x00000000a7e00000|100%| S|CS|TAMS 0x00000000a7d00000, 0x00000000a7d00000| Complete 
| 126|0x00000000a7e00000, 0x00000000a7f00000, 0x00000000a7f00000|100%| S|CS|TAMS 0x00000000a7e00000, 0x00000000a7e00000| Complete 
| 127|0x00000000a7f00000, 0x00000000a7f00000, 0x00000000a8000000|  0%| F|  |TAMS 0x00000000a7f00000, 0x00000000a7f00000| Untracked 
| 128|0x00000000a8000000, 0x00000000a8000000, 0x00000000a8100000|  0%| F|  |TAMS 0x00000000a8000000, 0x00000000a8000000| Untracked 
| 129|0x00000000a8100000, 0x00000000a8100000, 0x00000000a8200000|  0%| F|  |TAMS 0x00000000a8100000, 0x00000000a8100000| Untracked 
| 130|0x00000000a8200000, 0x00000000a8200000, 0x00000000a8300000|  0%| F|  |TAMS 0x00000000a8200000, 0x00000000a8200000| Untracked 
| 131|0x00000000a8300000, 0x00000000a8300000, 0x00000000a8400000|  0%| F|  |TAMS 0x00000000a8300000, 0x00000000a8300000| Untracked 
| 132|0x00000000a8400000, 0x00000000a8400000, 0x00000000a8500000|  0%| F|  |TAMS 0x00000000a8400000, 0x00000000a8400000| Untracked 
| 133|0x00000000a8500000, 0x00000000a8500000, 0x00000000a8600000|  0%| F|  |TAMS 0x00000000a8500000, 0x00000000a8500000| Untracked 
| 134|0x00000000a8600000, 0x00000000a8600000, 0x00000000a8700000|  0%| F|  |TAMS 0x00000000a8600000, 0x00000000a8600000| Untracked 
| 135|0x00000000a8700000, 0x00000000a8700000, 0x00000000a8800000|  0%| F|  |TAMS 0x00000000a8700000, 0x00000000a8700000| Untracked 
| 136|0x00000000a8800000, 0x00000000a8800000, 0x00000000a8900000|  0%| F|  |TAMS 0x00000000a8800000, 0x00000000a8800000| Untracked 
| 137|0x00000000a8900000, 0x00000000a8900000, 0x00000000a8a00000|  0%| F|  |TAMS 0x00000000a8900000, 0x00000000a8900000| Untracked 
| 138|0x00000000a8a00000, 0x00000000a8a00000, 0x00000000a8b00000|  0%| F|  |TAMS 0x00000000a8a00000, 0x00000000a8a00000| Untracked 
| 139|0x00000000a8b00000, 0x00000000a8b00000, 0x00000000a8c00000|  0%| F|  |TAMS 0x00000000a8b00000, 0x00000000a8b00000| Untracked 
| 140|0x00000000a8c00000, 0x00000000a8c00000, 0x00000000a8d00000|  0%| F|  |TAMS 0x00000000a8c00000, 0x00000000a8c00000| Untracked 
| 141|0x00000000a8d00000, 0x00000000a8d00000, 0x00000000a8e00000|  0%| F|  |TAMS 0x00000000a8d00000, 0x00000000a8d00000| Untracked 
| 142|0x00000000a8e00000, 0x00000000a8e00000, 0x00000000a8f00000|  0%| F|  |TAMS 0x00000000a8e00000, 0x00000000a8e00000| Untracked 
| 143|0x00000000a8f00000, 0x00000000a8f00000, 0x00000000a9000000|  0%| F|  |TAMS 0x00000000a8f00000, 0x00000000a8f00000| Untracked 
| 144|0x00000000a9000000, 0x00000000a9000000, 0x00000000a9100000|  0%| F|  |TAMS 0x00000000a9000000, 0x00000000a9000000| Untracked 
| 145|0x00000000a9100000, 0x00000000a9100000, 0x00000000a9200000|  0%| F|  |TAMS 0x00000000a9100000, 0x00000000a9100000| Untracked 
| 146|0x00000000a9200000, 0x00000000a9200000, 0x00000000a9300000|  0%| F|  |TAMS 0x00000000a9200000, 0x00000000a9200000| Untracked 
| 147|0x00000000a9300000, 0x00000000a9300000, 0x00000000a9400000|  0%| F|  |TAMS 0x00000000a9300000, 0x00000000a9300000| Untracked 
| 148|0x00000000a9400000, 0x00000000a9400000, 0x00000000a9500000|  0%| F|  |TAMS 0x00000000a9400000, 0x00000000a9400000| Untracked 
| 149|0x00000000a9500000, 0x00000000a9500000, 0x00000000a9600000|  0%| F|  |TAMS 0x00000000a9500000, 0x00000000a9500000| Untracked 
| 150|0x00000000a9600000, 0x00000000a9600000, 0x00000000a9700000|  0%| F|  |TAMS 0x00000000a9600000, 0x00000000a9600000| Untracked 
| 151|0x00000000a9700000, 0x00000000a9700000, 0x00000000a9800000|  0%| F|  |TAMS 0x00000000a9700000, 0x00000000a9700000| Untracked 
| 152|0x00000000a9800000, 0x00000000a9800000, 0x00000000a9900000|  0%| F|  |TAMS 0x00000000a9800000, 0x00000000a9800000| Untracked 
| 153|0x00000000a9900000, 0x00000000a9900000, 0x00000000a9a00000|  0%| F|  |TAMS 0x00000000a9900000, 0x00000000a9900000| Untracked 
| 154|0x00000000a9a00000, 0x00000000a9a00000, 0x00000000a9b00000|  0%| F|  |TAMS 0x00000000a9a00000, 0x00000000a9a00000| Untracked 
| 155|0x00000000a9b00000, 0x00000000a9b00000, 0x00000000a9c00000|  0%| F|  |TAMS 0x00000000a9b00000, 0x00000000a9b00000| Untracked 
| 156|0x00000000a9c00000, 0x00000000a9c00000, 0x00000000a9d00000|  0%| F|  |TAMS 0x00000000a9c00000, 0x00000000a9c00000| Untracked 
| 157|0x00000000a9d00000, 0x00000000a9d00000, 0x00000000a9e00000|  0%| F|  |TAMS 0x00000000a9d00000, 0x00000000a9d00000| Untracked 
| 158|0x00000000a9e00000, 0x00000000a9e00000, 0x00000000a9f00000|  0%| F|  |TAMS 0x00000000a9e00000, 0x00000000a9e00000| Untracked 
| 159|0x00000000a9f00000, 0x00000000a9f00000, 0x00000000aa000000|  0%| F|  |TAMS 0x00000000a9f00000, 0x00000000a9f00000| Untracked 
| 160|0x00000000aa000000, 0x00000000aa000000, 0x00000000aa100000|  0%| F|  |TAMS 0x00000000aa000000, 0x00000000aa000000| Untracked 
| 161|0x00000000aa100000, 0x00000000aa100000, 0x00000000aa200000|  0%| F|  |TAMS 0x00000000aa100000, 0x00000000aa100000| Untracked 
| 162|0x00000000aa200000, 0x00000000aa200000, 0x00000000aa300000|  0%| F|  |TAMS 0x00000000aa200000, 0x00000000aa200000| Untracked 
| 163|0x00000000aa300000, 0x00000000aa300000, 0x00000000aa400000|  0%| F|  |TAMS 0x00000000aa300000, 0x00000000aa300000| Untracked 
| 164|0x00000000aa400000, 0x00000000aa400000, 0x00000000aa500000|  0%| F|  |TAMS 0x00000000aa400000, 0x00000000aa400000| Untracked 
| 165|0x00000000aa500000, 0x00000000aa500000, 0x00000000aa600000|  0%| F|  |TAMS 0x00000000aa500000, 0x00000000aa500000| Untracked 
| 166|0x00000000aa600000, 0x00000000aa600000, 0x00000000aa700000|  0%| F|  |TAMS 0x00000000aa600000, 0x00000000aa600000| Untracked 
| 167|0x00000000aa700000, 0x00000000aa700000, 0x00000000aa800000|  0%| F|  |TAMS 0x00000000aa700000, 0x00000000aa700000| Untracked 
| 168|0x00000000aa800000, 0x00000000aa800000, 0x00000000aa900000|  0%| F|  |TAMS 0x00000000aa800000, 0x00000000aa800000| Untracked 
| 169|0x00000000aa900000, 0x00000000aa900000, 0x00000000aaa00000|  0%| F|  |TAMS 0x00000000aa900000, 0x00000000aa900000| Untracked 
| 170|0x00000000aaa00000, 0x00000000aaa00000, 0x00000000aab00000|  0%| F|  |TAMS 0x00000000aaa00000, 0x00000000aaa00000| Untracked 
| 171|0x00000000aab00000, 0x00000000aab00000, 0x00000000aac00000|  0%| F|  |TAMS 0x00000000aab00000, 0x00000000aab00000| Untracked 
| 172|0x00000000aac00000, 0x00000000aac00000, 0x00000000aad00000|  0%| F|  |TAMS 0x00000000aac00000, 0x00000000aac00000| Untracked 
| 173|0x00000000aad00000, 0x00000000aad00000, 0x00000000aae00000|  0%| F|  |TAMS 0x00000000aad00000, 0x00000000aad00000| Untracked 
| 174|0x00000000aae00000, 0x00000000aae00000, 0x00000000aaf00000|  0%| F|  |TAMS 0x00000000aae00000, 0x00000000aae00000| Untracked 
| 175|0x00000000aaf00000, 0x00000000aaf00000, 0x00000000ab000000|  0%| F|  |TAMS 0x00000000aaf00000, 0x00000000aaf00000| Untracked 
| 176|0x00000000ab000000, 0x00000000ab000000, 0x00000000ab100000|  0%| F|  |TAMS 0x00000000ab000000, 0x00000000ab000000| Untracked 
| 177|0x00000000ab100000, 0x00000000ab100000, 0x00000000ab200000|  0%| F|  |TAMS 0x00000000ab100000, 0x00000000ab100000| Untracked 
| 178|0x00000000ab200000, 0x00000000ab200000, 0x00000000ab300000|  0%| F|  |TAMS 0x00000000ab200000, 0x00000000ab200000| Untracked 
| 179|0x00000000ab300000, 0x00000000ab300000, 0x00000000ab400000|  0%| F|  |TAMS 0x00000000ab300000, 0x00000000ab300000| Untracked 
| 180|0x00000000ab400000, 0x00000000ab400000, 0x00000000ab500000|  0%| F|  |TAMS 0x00000000ab400000, 0x00000000ab400000| Untracked 
| 181|0x00000000ab500000, 0x00000000ab500000, 0x00000000ab600000|  0%| F|  |TAMS 0x00000000ab500000, 0x00000000ab500000| Untracked 
| 182|0x00000000ab600000, 0x00000000ab600000, 0x00000000ab700000|  0%| F|  |TAMS 0x00000000ab600000, 0x00000000ab600000| Untracked 
| 183|0x00000000ab700000, 0x00000000ab700000, 0x00000000ab800000|  0%| F|  |TAMS 0x00000000ab700000, 0x00000000ab700000| Untracked 
| 184|0x00000000ab800000, 0x00000000ab800000, 0x00000000ab900000|  0%| F|  |TAMS 0x00000000ab800000, 0x00000000ab800000| Untracked 
| 185|0x00000000ab900000, 0x00000000ab900000, 0x00000000aba00000|  0%| F|  |TAMS 0x00000000ab900000, 0x00000000ab900000| Untracked 
| 186|0x00000000aba00000, 0x00000000aba00000, 0x00000000abb00000|  0%| F|  |TAMS 0x00000000aba00000, 0x00000000aba00000| Untracked 
| 187|0x00000000abb00000, 0x00000000abb00000, 0x00000000abc00000|  0%| F|  |TAMS 0x00000000abb00000, 0x00000000abb00000| Untracked 
| 188|0x00000000abc00000, 0x00000000abc00000, 0x00000000abd00000|  0%| F|  |TAMS 0x00000000abc00000, 0x00000000abc00000| Untracked 
| 189|0x00000000abd00000, 0x00000000abd00000, 0x00000000abe00000|  0%| F|  |TAMS 0x00000000abd00000, 0x00000000abd00000| Untracked 
| 190|0x00000000abe00000, 0x00000000abe00000, 0x00000000abf00000|  0%| F|  |TAMS 0x00000000abe00000, 0x00000000abe00000| Untracked 
| 191|0x00000000abf00000, 0x00000000abf00000, 0x00000000ac000000|  0%| F|  |TAMS 0x00000000abf00000, 0x00000000abf00000| Untracked 
| 192|0x00000000ac000000, 0x00000000ac000000, 0x00000000ac100000|  0%| F|  |TAMS 0x00000000ac000000, 0x00000000ac000000| Untracked 
| 193|0x00000000ac100000, 0x00000000ac100000, 0x00000000ac200000|  0%| F|  |TAMS 0x00000000ac100000, 0x00000000ac100000| Untracked 
| 194|0x00000000ac200000, 0x00000000ac200000, 0x00000000ac300000|  0%| F|  |TAMS 0x00000000ac200000, 0x00000000ac200000| Untracked 
| 195|0x00000000ac300000, 0x00000000ac380800, 0x00000000ac400000| 50%| E|  |TAMS 0x00000000ac300000, 0x00000000ac300000| Complete 
| 196|0x00000000ac400000, 0x00000000ac500000, 0x00000000ac500000|100%| E|CS|TAMS 0x00000000ac400000, 0x00000000ac400000| Complete 
| 197|0x00000000ac500000, 0x00000000ac600000, 0x00000000ac600000|100%| E|CS|TAMS 0x00000000ac500000, 0x00000000ac500000| Complete 
| 198|0x00000000ac600000, 0x00000000ac700000, 0x00000000ac700000|100%| E|CS|TAMS 0x00000000ac600000, 0x00000000ac600000| Complete 
| 199|0x00000000ac700000, 0x00000000ac800000, 0x00000000ac800000|100%| E|CS|TAMS 0x00000000ac700000, 0x00000000ac700000| Complete 
| 200|0x00000000ac800000, 0x00000000ac900000, 0x00000000ac900000|100%| E|CS|TAMS 0x00000000ac800000, 0x00000000ac800000| Complete 
| 201|0x00000000ac900000, 0x00000000aca00000, 0x00000000aca00000|100%| E|CS|TAMS 0x00000000ac900000, 0x00000000ac900000| Complete 
| 202|0x00000000aca00000, 0x00000000acb00000, 0x00000000acb00000|100%| E|CS|TAMS 0x00000000aca00000, 0x00000000aca00000| Complete 
| 203|0x00000000acb00000, 0x00000000acc00000, 0x00000000acc00000|100%| E|CS|TAMS 0x00000000acb00000, 0x00000000acb00000| Complete 
| 204|0x00000000acc00000, 0x00000000acd00000, 0x00000000acd00000|100%| E|CS|TAMS 0x00000000acc00000, 0x00000000acc00000| Complete 
| 205|0x00000000acd00000, 0x00000000ace00000, 0x00000000ace00000|100%| E|CS|TAMS 0x00000000acd00000, 0x00000000acd00000| Complete 
| 206|0x00000000ace00000, 0x00000000acf00000, 0x00000000acf00000|100%| E|CS|TAMS 0x00000000ace00000, 0x00000000ace00000| Complete 
| 207|0x00000000acf00000, 0x00000000ad000000, 0x00000000ad000000|100%| E|CS|TAMS 0x00000000acf00000, 0x00000000acf00000| Complete 
| 208|0x00000000ad000000, 0x00000000ad100000, 0x00000000ad100000|100%| E|CS|TAMS 0x00000000ad000000, 0x00000000ad000000| Complete 
| 209|0x00000000ad100000, 0x00000000ad200000, 0x00000000ad200000|100%| E|CS|TAMS 0x00000000ad100000, 0x00000000ad100000| Complete 
| 210|0x00000000ad200000, 0x00000000ad300000, 0x00000000ad300000|100%| E|CS|TAMS 0x00000000ad200000, 0x00000000ad200000| Complete 
| 211|0x00000000ad300000, 0x00000000ad400000, 0x00000000ad400000|100%| E|CS|TAMS 0x00000000ad300000, 0x00000000ad300000| Complete 
| 212|0x00000000ad400000, 0x00000000ad500000, 0x00000000ad500000|100%| E|CS|TAMS 0x00000000ad400000, 0x00000000ad400000| Complete 
| 213|0x00000000ad500000, 0x00000000ad600000, 0x00000000ad600000|100%| E|CS|TAMS 0x00000000ad500000, 0x00000000ad500000| Complete 
| 214|0x00000000ad600000, 0x00000000ad700000, 0x00000000ad700000|100%| E|  |TAMS 0x00000000ad600000, 0x00000000ad600000| Complete 
| 215|0x00000000ad700000, 0x00000000ad800000, 0x00000000ad800000|100%| E|CS|TAMS 0x00000000ad700000, 0x00000000ad700000| Complete 
| 216|0x00000000ad800000, 0x00000000ad900000, 0x00000000ad900000|100%| E|CS|TAMS 0x00000000ad800000, 0x00000000ad800000| Complete 
| 217|0x00000000ad900000, 0x00000000ada00000, 0x00000000ada00000|100%| E|CS|TAMS 0x00000000ad900000, 0x00000000ad900000| Complete 
| 218|0x00000000ada00000, 0x00000000adb00000, 0x00000000adb00000|100%| E|CS|TAMS 0x00000000ada00000, 0x00000000ada00000| Complete 
| 219|0x00000000adb00000, 0x00000000adc00000, 0x00000000adc00000|100%| E|CS|TAMS 0x00000000adb00000, 0x00000000adb00000| Complete 

Card table byte_map: [0x000001e8c51a0000,0x000001e8c54a0000] _byte_map_base: 0x000001e8c4ca0000

Marking Bits (Prev, Next): (CMBitMap*) 0x000001e8b26eaaa0, (CMBitMap*) 0x000001e8b26eaae0
 Prev Bits: [0x000001e8c57a0000, 0x000001e8c6fa0000)
 Next Bits: [0x000001e8c6fa0000, 0x000001e8c87a0000)

Polling page: 0x000001e8b0840000

Metaspace:

Usage:
  Non-class:     69.62 MB used.
      Class:     10.86 MB used.
       Both:     80.48 MB used.

Virtual space:
  Non-class space:       72.00 MB reserved,      69.94 MB ( 97%) committed,  9 nodes.
      Class space:        1.00 GB reserved,      11.12 MB (  1%) committed,  1 nodes.
             Both:        1.07 GB reserved,      81.06 MB (  7%) committed. 

Chunk freelists:
   Non-Class:  2.00 MB
       Class:  871.00 KB
        Both:  2.85 MB

MaxMetaspaceSize: unlimited
CompressedClassSpaceSize: 1.00 GB
Initial GC threshold: 21.00 MB
Current GC threshold: 130.62 MB
CDS: off
MetaspaceReclaimPolicy: balanced
 - commit_granule_bytes: 65536.
 - commit_granule_words: 8192.
 - virtual_space_node_default_size: 1048576.
 - enlarge_chunks_in_place: 1.
 - new_chunks_are_fully_committed: 0.
 - uncommit_free_chunks: 1.
 - use_allocation_guard: 0.
 - handle_deallocations: 1.


Internal statistics:

num_allocs_failed_limit: 9.
num_arena_births: 776.
num_arena_deaths: 0.
num_vsnodes_births: 10.
num_vsnodes_deaths: 0.
num_space_committed: 1297.
num_space_uncommitted: 0.
num_chunks_returned_to_freelist: 9.
num_chunks_taken_from_freelist: 3774.
num_chunk_merges: 3.
num_chunk_splits: 2441.
num_chunks_enlarged: 1559.
num_purges: 0.
num_inconsistent_stats: 0.

CodeHeap 'non-profiled nmethods': size=120000Kb used=5953Kb max_used=5953Kb free=114046Kb
 bounds [0x000001e8bd640000, 0x000001e8bdc20000, 0x000001e8c4b70000]
CodeHeap 'profiled nmethods': size=120000Kb used=17521Kb max_used=17669Kb free=102478Kb
 bounds [0x000001e8b5b70000, 0x000001e8b6cc0000, 0x000001e8bd0a0000]
CodeHeap 'non-nmethods': size=5760Kb used=2359Kb max_used=2423Kb free=3400Kb
 bounds [0x000001e8bd0a0000, 0x000001e8bd310000, 0x000001e8bd640000]
 total_blobs=10061 nmethods=9176 adapters=797
 compilation: enabled
              stopped_count=0, restarted_count=0
 full_count=0

Compilation events (20 events):
Event: 58.881 Thread 0x000001e8cbc18290 nmethod 10728 0x000001e8b5fb3110 code [0x000001e8b5fb32e0, 0x000001e8b5fb3658]
Event: 58.881 Thread 0x000001e8cbc18290 10729       3       java.net.URI$Parser::scan (23 bytes)
Event: 58.881 Thread 0x000001e8cbc18290 nmethod 10729 0x000001e8b5fb2590 code [0x000001e8b5fb27a0, 0x000001e8b5fb2e38]
Event: 58.882 Thread 0x000001e8cbc18290 10730       3       org.gradle.internal.service.DefaultServiceRegistry::<init> (9 bytes)
Event: 58.882 Thread 0x000001e8cbc18290 nmethod 10730 0x000001e8b5fb2210 code [0x000001e8b5fb23c0, 0x000001e8b5fb2508]
Event: 58.886 Thread 0x000001e8cbc18290 10731       3       java.lang.invoke.BoundMethodHandle$Species_L::make (11 bytes)
Event: 58.887 Thread 0x000001e8cbc18290 nmethod 10731 0x000001e8b5fb1c90 code [0x000001e8b5fb1e40, 0x000001e8b5fb2088]
Event: 58.887 Thread 0x000001e8cbc18290 10732       3       org.gradle.internal.resolve.result.DefaultBuildableComponentResolveResult::assertResolved (17 bytes)
Event: 58.888 Thread 0x000001e8cbc18290 nmethod 10732 0x000001e8b650e410 code [0x000001e8b650e5e0, 0x000001e8b650e9a8]
Event: 58.888 Thread 0x000001e8cbc18290 10733       2       java.lang.String::split (327 bytes)
Event: 58.891 Thread 0x000001e8cbc18290 nmethod 10733 0x000001e8b650c190 code [0x000001e8b650c4c0, 0x000001e8b650d7d8]
Event: 58.891 Thread 0x000001e8cbc18290 10735       2       com.google.common.collect.ImmutableList::hashCode (42 bytes)
Event: 58.891 Thread 0x000001e8cbc18290 nmethod 10735 0x000001e8b650ba90 code [0x000001e8b650bc40, 0x000001e8b650be68]
Event: 58.891 Thread 0x000001e8cbc18290 10734   !   3       org.gradle.internal.serialize.kryo.KryoBackedDecoder::readNullableString (15 bytes)
Event: 58.891 Thread 0x000001e8cbc18290 nmethod 10734 0x000001e8b6377c90 code [0x000001e8b6377e80, 0x000001e8b6378388]
Event: 58.891 Thread 0x000001e8cbc18290 10736       3       org.gradle.internal.resolve.result.DefaultBuildableComponentIdResolveResult::reset (26 bytes)
Event: 58.892 Thread 0x000001e8cbc18290 nmethod 10736 0x000001e8b6377890 code [0x000001e8b6377a20, 0x000001e8b6377bf8]
Event: 58.892 Thread 0x000001e8cbc18290 10738       3       org.gradle.api.internal.artifacts.ivyservice.resolveengine.graph.selectors.SelectorStateResolver::createAllRejects (116 bytes)
Event: 58.893 Thread 0x000001e8cbc18290 nmethod 10738 0x000001e8b6376290 code [0x000001e8b6376540, 0x000001e8b63773b8]
Event: 58.893 Thread 0x000001e8cbc18290 10741       3       org.gradle.api.internal.artifacts.ivyservice.resolveengine.graph.builder.ModuleResolveState::getVersions (94 bytes)

GC Heap History (20 events):
Event: 12.216 GC heap before
{Heap before GC invocations=37 (full 0):
 garbage-first heap   total 99328K, used 80643K [0x00000000a0000000, 0x0000000100000000)
  region size 1024K, 24 young (24576K), 1 survivors (1024K)
 Metaspace       used 72639K, committed 73216K, reserved 1114112K
  class space    used 9737K, committed 9984K, reserved 1048576K
}
Event: 12.219 GC heap after
{Heap after GC invocations=38 (full 0):
 garbage-first heap   total 99328K, used 58407K [0x00000000a0000000, 0x0000000100000000)
  region size 1024K, 2 young (2048K), 2 survivors (2048K)
 Metaspace       used 72639K, committed 73216K, reserved 1114112K
  class space    used 9737K, committed 9984K, reserved 1048576K
}
Event: 12.809 GC heap before
{Heap before GC invocations=39 (full 0):
 garbage-first heap   total 104448K, used 80935K [0x00000000a0000000, 0x0000000100000000)
  region size 1024K, 24 young (24576K), 2 survivors (2048K)
 Metaspace       used 75867K, committed 76352K, reserved 1122304K
  class space    used 10211K, committed 10432K, reserved 1048576K
}
Event: 12.815 GC heap after
{Heap after GC invocations=40 (full 0):
 garbage-first heap   total 104448K, used 60043K [0x00000000a0000000, 0x0000000100000000)
  region size 1024K, 3 young (3072K), 3 survivors (3072K)
 Metaspace       used 75867K, committed 76352K, reserved 1122304K
  class space    used 10211K, committed 10432K, reserved 1048576K
}
Event: 12.922 GC heap before
{Heap before GC invocations=40 (full 0):
 garbage-first heap   total 104448K, used 61067K [0x00000000a0000000, 0x0000000100000000)
  region size 1024K, 5 young (5120K), 3 survivors (3072K)
 Metaspace       used 76056K, committed 76608K, reserved 1122304K
  class space    used 10228K, committed 10496K, reserved 1048576K
}
Event: 12.927 GC heap after
{Heap after GC invocations=41 (full 0):
 garbage-first heap   total 104448K, used 60360K [0x00000000a0000000, 0x0000000100000000)
  region size 1024K, 1 young (1024K), 1 survivors (1024K)
 Metaspace       used 76056K, committed 76608K, reserved 1122304K
  class space    used 10228K, committed 10496K, reserved 1048576K
}
Event: 13.294 GC heap before
{Heap before GC invocations=41 (full 0):
 garbage-first heap   total 104448K, used 84936K [0x00000000a0000000, 0x0000000100000000)
  region size 1024K, 26 young (26624K), 1 survivors (1024K)
 Metaspace       used 77751K, committed 78272K, reserved 1122304K
  class space    used 10448K, committed 10688K, reserved 1048576K
}
Event: 13.298 GC heap after
{Heap after GC invocations=42 (full 0):
 garbage-first heap   total 104448K, used 62580K [0x00000000a0000000, 0x0000000100000000)
  region size 1024K, 3 young (3072K), 3 survivors (3072K)
 Metaspace       used 77751K, committed 78272K, reserved 1122304K
  class space    used 10448K, committed 10688K, reserved 1048576K
}
Event: 13.584 GC heap before
{Heap before GC invocations=43 (full 0):
 garbage-first heap   total 112640K, used 86132K [0x00000000a0000000, 0x0000000100000000)
  region size 1024K, 26 young (26624K), 3 survivors (3072K)
 Metaspace       used 77860K, committed 78400K, reserved 1122304K
  class space    used 10456K, committed 10688K, reserved 1048576K
}
Event: 13.590 GC heap after
{Heap after GC invocations=44 (full 0):
 garbage-first heap   total 112640K, used 66651K [0x00000000a0000000, 0x0000000100000000)
  region size 1024K, 4 young (4096K), 4 survivors (4096K)
 Metaspace       used 77860K, committed 78400K, reserved 1122304K
  class space    used 10456K, committed 10688K, reserved 1048576K
}
Event: 13.600 GC heap before
{Heap before GC invocations=44 (full 0):
 garbage-first heap   total 112640K, used 67675K [0x00000000a0000000, 0x0000000100000000)
  region size 1024K, 5 young (5120K), 4 survivors (4096K)
 Metaspace       used 77861K, committed 78400K, reserved 1122304K
  class space    used 10456K, committed 10688K, reserved 1048576K
}
Event: 13.604 GC heap after
{Heap after GC invocations=45 (full 0):
 garbage-first heap   total 112640K, used 67166K [0x00000000a0000000, 0x0000000100000000)
  region size 1024K, 1 young (1024K), 1 survivors (1024K)
 Metaspace       used 77861K, committed 78400K, reserved 1122304K
  class space    used 10456K, committed 10688K, reserved 1048576K
}
Event: 14.447 GC heap before
{Heap before GC invocations=45 (full 0):
 garbage-first heap   total 112640K, used 90718K [0x00000000a0000000, 0x0000000100000000)
  region size 1024K, 25 young (25600K), 1 survivors (1024K)
 Metaspace       used 79706K, committed 80256K, reserved 1122304K
  class space    used 10818K, committed 11072K, reserved 1048576K
}
Event: 14.452 GC heap after
{Heap after GC invocations=46 (full 0):
 garbage-first heap   total 225280K, used 69967K [0x00000000a0000000, 0x0000000100000000)
  region size 1024K, 4 young (4096K), 4 survivors (4096K)
 Metaspace       used 79706K, committed 80256K, reserved 1122304K
  class space    used 10818K, committed 11072K, reserved 1048576K
}
Event: 16.547 GC heap before
{Heap before GC invocations=47 (full 0):
 garbage-first heap   total 225280K, used 167247K [0x00000000a0000000, 0x0000000100000000)
  region size 1024K, 99 young (101376K), 4 survivors (4096K)
 Metaspace       used 81192K, committed 81792K, reserved 1122304K
  class space    used 10988K, committed 11264K, reserved 1048576K
}
Event: 16.557 GC heap after
{Heap after GC invocations=48 (full 0):
 garbage-first heap   total 225280K, used 76786K [0x00000000a0000000, 0x0000000100000000)
  region size 1024K, 10 young (10240K), 10 survivors (10240K)
 Metaspace       used 81192K, committed 81792K, reserved 1122304K
  class space    used 10988K, committed 11264K, reserved 1048576K
}
Event: 16.586 GC heap before
{Heap before GC invocations=48 (full 0):
 garbage-first heap   total 225280K, used 77810K [0x00000000a0000000, 0x0000000100000000)
  region size 1024K, 11 young (11264K), 10 survivors (10240K)
 Metaspace       used 81202K, committed 81792K, reserved 1122304K
  class space    used 10988K, committed 11264K, reserved 1048576K
}
Event: 16.593 GC heap after
{Heap after GC invocations=49 (full 0):
 garbage-first heap   total 225280K, used 77802K [0x00000000a0000000, 0x0000000100000000)
  region size 1024K, 2 young (2048K), 2 survivors (2048K)
 Metaspace       used 81202K, committed 81792K, reserved 1122304K
  class space    used 10988K, committed 11264K, reserved 1048576K
}
Event: 17.637 GC heap before
{Heap before GC invocations=49 (full 0):
 garbage-first heap   total 225280K, used 169962K [0x00000000a0000000, 0x0000000100000000)
  region size 1024K, 93 young (95232K), 2 survivors (2048K)
 Metaspace       used 81771K, committed 82368K, reserved 1122304K
  class space    used 11031K, committed 11264K, reserved 1048576K
}
Event: 17.643 GC heap after
{Heap after GC invocations=50 (full 0):
 garbage-first heap   total 225280K, used 82060K [0x00000000a0000000, 0x0000000100000000)
  region size 1024K, 6 young (6144K), 6 survivors (6144K)
 Metaspace       used 81771K, committed 82368K, reserved 1122304K
  class space    used 11031K, committed 11264K, reserved 1048576K
}

Dll operation events (2 events):
Event: 0.010 Loaded shared library C:\Program Files\Android\Android Studio\jbr\bin\java.dll
Event: 0.639 Loaded shared library C:\Program Files\Android\Android Studio\jbr\bin\verify.dll

Deoptimization events (20 events):
Event: 58.782 Thread 0x000001e8ce5ec770 Uncommon trap: trap_request=0xffffffd6 fr.pc=0x000001e8bdb0fee0 relative=0x0000000000000d20
Event: 58.782 Thread 0x000001e8ce5ec770 Uncommon trap: reason=array_check action=maybe_recompile pc=0x000001e8bdb0fee0 method=com.google.common.collect.RegularImmutableMap.fromEntryArray(I[Ljava/util/Map$Entry;)Lcom/google/common/collect/ImmutableMap; @ 157 c2
Event: 58.782 Thread 0x000001e8ce5ec770 DEOPT PACKING pc=0x000001e8bdb0fee0 sp=0x000000a9802fed90
Event: 58.782 Thread 0x000001e8ce5ec770 DEOPT UNPACKING pc=0x000001e8bd0f69a3 sp=0x000000a9802fecd8 mode 2
Event: 58.800 Thread 0x000001e8ce585cf0 Uncommon trap: trap_request=0xffffff45 fr.pc=0x000001e8bd95de68 relative=0x0000000000000ae8
Event: 58.800 Thread 0x000001e8ce585cf0 Uncommon trap: reason=unstable_if action=reinterpret pc=0x000001e8bd95de68 method=org.gradle.tooling.internal.provider.runner.SubtreeFilteringBuildOperationListener.started(Lorg/gradle/internal/operations/BuildOperationDescriptor;Lorg/gradle/internal/oper
Event: 58.800 Thread 0x000001e8ce585cf0 DEOPT PACKING pc=0x000001e8bd95de68 sp=0x000000a9fb7fd250
Event: 58.800 Thread 0x000001e8ce585cf0 DEOPT UNPACKING pc=0x000001e8bd0f69a3 sp=0x000000a9fb7fd228 mode 2
Event: 58.802 Thread 0x000001e8ce585cf0 Uncommon trap: trap_request=0xffffff45 fr.pc=0x000001e8bdbd4878 relative=0x00000000000004f8
Event: 58.802 Thread 0x000001e8ce585cf0 Uncommon trap: reason=unstable_if action=reinterpret pc=0x000001e8bdbd4878 method=org.gradle.cache.internal.DefaultCrossBuildInMemoryCacheFactory$AbstractCrossBuildInMemoryCache.getIfPresentWithoutLock(Ljava/lang/Object;)Ljava/lang/Object; @ 24 c2
Event: 58.802 Thread 0x000001e8ce585cf0 DEOPT PACKING pc=0x000001e8bdbd4878 sp=0x000000a9fb7fbc30
Event: 58.802 Thread 0x000001e8ce585cf0 DEOPT UNPACKING pc=0x000001e8bd0f69a3 sp=0x000000a9fb7fbbe8 mode 2
Event: 58.807 Thread 0x000001e8ce585cf0 Uncommon trap: trap_request=0xffffff45 fr.pc=0x000001e8bda93a14 relative=0x0000000000000074
Event: 58.807 Thread 0x000001e8ce585cf0 Uncommon trap: reason=unstable_if action=reinterpret pc=0x000001e8bda93a14 method=com.google.common.math.IntMath.log2(ILjava/math/RoundingMode;)I @ 15 c2
Event: 58.807 Thread 0x000001e8ce585cf0 DEOPT PACKING pc=0x000001e8bda93a14 sp=0x000000a9fb7fb750
Event: 58.807 Thread 0x000001e8ce585cf0 DEOPT UNPACKING pc=0x000001e8bd0f69a3 sp=0x000000a9fb7fb6d8 mode 2
Event: 58.835 Thread 0x000001e8ce585cf0 Uncommon trap: trap_request=0xffffff45 fr.pc=0x000001e8bdbe5b80 relative=0x00000000000000e0
Event: 58.835 Thread 0x000001e8ce585cf0 Uncommon trap: reason=unstable_if action=reinterpret pc=0x000001e8bdbe5b80 method=org.gradle.internal.execution.fingerprint.impl.DefaultFileNormalizationSpec.equals(Ljava/lang/Object;)Z @ 51 c2
Event: 58.835 Thread 0x000001e8ce585cf0 DEOPT PACKING pc=0x000001e8bdbe5b80 sp=0x000000a9fb7f8ce0
Event: 58.835 Thread 0x000001e8ce585cf0 DEOPT UNPACKING pc=0x000001e8bd0f69a3 sp=0x000000a9fb7f8c80 mode 2

Classes unloaded (0 events):
No events

Classes redefined (0 events):
No events

Internal exceptions (20 events):
Event: 15.073 Thread 0x000001e8cfbab3c0 Exception <a 'java/lang/NoSuchMethodError'{0x00000000aca2eb48}: 'java.lang.Object java.lang.invoke.DirectMethodHandle$Holder.invokeSpecialIFC(java.lang.Object, java.lang.Object, java.lang.Object)'> (0x00000000aca2eb48) 
thrown [s\src\hotspot\share\interpreter\linkResolver.cpp, line 771]
Event: 15.073 Thread 0x000001e8d2a36010 Exception <a 'java/lang/NoSuchMethodError'{0x00000000ad474040}: 'java.lang.Object java.lang.invoke.DirectMethodHandle$Holder.invokeSpecialIFC(java.lang.Object, java.lang.Object, java.lang.Object)'> (0x00000000ad474040) 
thrown [s\src\hotspot\share\interpreter\linkResolver.cpp, line 771]
Event: 15.073 Thread 0x000001e8d26f79c0 Exception <a 'java/lang/NoSuchMethodError'{0x00000000ad5d8938}: 'java.lang.Object java.lang.invoke.DirectMethodHandle$Holder.invokeSpecialIFC(java.lang.Object, java.lang.Object, java.lang.Object)'> (0x00000000ad5d8938) 
thrown [s\src\hotspot\share\interpreter\linkResolver.cpp, line 771]
Event: 15.073 Thread 0x000001e8cfba9bb0 Exception <a 'java/lang/NoSuchMethodError'{0x00000000ad49fff8}: 'java.lang.Object java.lang.invoke.DirectMethodHandle$Holder.invokeSpecialIFC(java.lang.Object, java.lang.Object, java.lang.Object)'> (0x00000000ad49fff8) 
thrown [s\src\hotspot\share\interpreter\linkResolver.cpp, line 771]
Event: 15.073 Thread 0x000001e8cfbabd60 Exception <a 'java/lang/NoSuchMethodError'{0x00000000aca55680}: 'java.lang.Object java.lang.invoke.DirectMethodHandle$Holder.invokeSpecialIFC(java.lang.Object, java.lang.Object, java.lang.Object)'> (0x00000000aca55680) 
thrown [s\src\hotspot\share\interpreter\linkResolver.cpp, line 771]
Event: 16.361 Thread 0x000001e8ce585cf0 Exception <a 'java/lang/NoSuchMethodError'{0x00000000a9074cf0}: static Lcom/android/build/gradle/internal/scope/InternalArtifactType;.<clinit>()V> (0x00000000a9074cf0) 
thrown [s\src\hotspot\share\prims\jni.cpp, line 1108]
Event: 16.362 Thread 0x000001e8ce585cf0 Exception <a 'java/lang/NoSuchMethodError'{0x00000000a9076a68}: static Lcom/android/build/gradle/internal/scope/InternalArtifactType;.<clinit>()V> (0x00000000a9076a68) 
thrown [s\src\hotspot\share\prims\jni.cpp, line 1108]
Event: 16.362 Thread 0x000001e8ce585cf0 Exception <a 'java/lang/NoSuchMethodError'{0x00000000a9079948}: static Lcom/android/build/api/artifact/Artifact$Single;.<clinit>()V> (0x00000000a9079948) 
thrown [s\src\hotspot\share\prims\jni.cpp, line 1108]
Event: 16.362 Thread 0x000001e8ce585cf0 Exception <a 'java/lang/NoSuchMethodError'{0x00000000a907c908}: static Ljava/lang/Object;.<clinit>()V> (0x00000000a907c908) 
thrown [s\src\hotspot\share\prims\jni.cpp, line 1108]
Event: 16.365 Thread 0x000001e8ce585cf0 Exception <a 'java/lang/NoSuchMethodError'{0x00000000a90a21c8}: static Lcom/android/build/api/artifact/ArtifactKind;.<clinit>()V> (0x00000000a90a21c8) 
thrown [s\src\hotspot\share\prims\jni.cpp, line 1108]
Event: 16.365 Thread 0x000001e8ce585cf0 Exception <a 'java/lang/NoSuchMethodError'{0x00000000a90a3e28}: static Lcom/android/build/api/artifact/ArtifactKind;.<clinit>()V> (0x00000000a90a3e28) 
thrown [s\src\hotspot\share\prims\jni.cpp, line 1108]
Event: 16.578 Thread 0x000001e8cc662ca0 Implicit null exception at 0x000001e8bd6b5876 to 0x000001e8bd6b5fe4
Event: 16.790 Thread 0x000001e8ce585cf0 Implicit null exception at 0x000001e8bd85ec9e to 0x000001e8bd8628d8
Event: 16.817 Thread 0x000001e8cfbaa080 Exception <a 'java/lang/NoSuchMethodError'{0x00000000ac9b4800}: 'void java.lang.invoke.DirectMethodHandle$Holder.invokeVirtual(java.lang.Object, java.lang.Object)'> (0x00000000ac9b4800) 
thrown [s\src\hotspot\share\interpreter\linkResolver.cpp, line 771]
Event: 16.955 Thread 0x000001e8cfbabd60 Implicit null exception at 0x000001e8bd6adab2 to 0x000001e8bd6addb8
Event: 16.987 Thread 0x000001e8ce585cf0 Exception <a 'java/lang/NoSuchMethodError'{0x00000000abcb05d0}: 'int java.lang.invoke.DirectMethodHandle$Holder.invokeSpecial(java.lang.Object, java.lang.Object, java.lang.Object, java.lang.Object, java.lang.Object)'> (0x00000000abcb05d0) 
thrown [s\src\hotspot\share\interpreter\linkResolver.cpp, line 771]
Event: 17.802 Thread 0x000001e8ce585cf0 Exception <a 'java/lang/NoSuchMethodError'{0x00000000acc0f908}: 'int java.lang.invoke.DirectMethodHandle$Holder.invokeVirtual(java.lang.Object, java.lang.Object, java.lang.Object)'> (0x00000000acc0f908) 
thrown [s\src\hotspot\share\interpreter\linkResolver.cpp, line 771]
Event: 22.170 Thread 0x000001e8cf08a7c0 Implicit null exception at 0x000001e8bd692172 to 0x000001e8bd692740
Event: 22.170 Thread 0x000001e8cf08a7c0 Implicit null exception at 0x000001e8bd6c5ef2 to 0x000001e8bd6c65dc
Event: 58.799 Thread 0x000001e8ce585cf0 Implicit null exception at 0x000001e8bd95d3c2 to 0x000001e8bd95de54

VM Operations (20 events):
Event: 17.785 Executing VM operation: HandshakeAllThreads
Event: 17.786 Executing VM operation: HandshakeAllThreads done
Event: 17.789 Executing VM operation: HandshakeAllThreads
Event: 17.789 Executing VM operation: HandshakeAllThreads done
Event: 17.797 Executing VM operation: HandshakeAllThreads
Event: 17.797 Executing VM operation: HandshakeAllThreads done
Event: 18.810 Executing VM operation: Cleanup
Event: 18.810 Executing VM operation: Cleanup done
Event: 22.833 Executing VM operation: Cleanup
Event: 22.833 Executing VM operation: Cleanup done
Event: 32.908 Executing VM operation: Cleanup
Event: 32.908 Executing VM operation: Cleanup done
Event: 41.991 Executing VM operation: Cleanup
Event: 41.991 Executing VM operation: Cleanup done
Event: 43.991 Executing VM operation: Cleanup
Event: 43.991 Executing VM operation: Cleanup done
Event: 54.070 Executing VM operation: Cleanup
Event: 54.070 Executing VM operation: Cleanup done
Event: 56.089 Executing VM operation: Cleanup
Event: 56.089 Executing VM operation: Cleanup done

Events (20 events):
Event: 17.895 Thread 0x000001e8cef3bbb0 Thread exited: 0x000001e8cef3bbb0
Event: 17.907 Thread 0x000001e8cef3a3a0 Thread exited: 0x000001e8cef3a3a0
Event: 17.909 loading class java/util/Locale$1
Event: 17.909 loading class java/util/Locale$1 done
Event: 17.920 Thread 0x000001e8ce64b360 Thread exited: 0x000001e8ce64b360
Event: 17.932 Thread 0x000001e8ce585820 Thread exited: 0x000001e8ce585820
Event: 18.795 Thread 0x000001e8ceb5cc80 Thread exited: 0x000001e8ceb5cc80
Event: 18.795 Thread 0x000001e8ceb5d190 Thread exited: 0x000001e8ceb5d190
Event: 58.778 Thread 0x000001e8ce5ec770 Thread added: 0x000001e8ce5ec770
Event: 58.784 Thread 0x000001e8ce5efc60 Thread added: 0x000001e8ce5efc60
Event: 58.794 Thread 0x000001e8ce5ee450 Thread added: 0x000001e8ce5ee450
Event: 58.796 Thread 0x000001e8ce5f1470 Thread added: 0x000001e8ce5f1470
Event: 58.797 Thread 0x000001e8ce5eedf0 Thread added: 0x000001e8ce5eedf0
Event: 58.805 Thread 0x000001e8ce5ed110 Thread added: 0x000001e8ce5ed110
Event: 58.823 Thread 0x000001e8ce5eaa90 Thread added: 0x000001e8ce5eaa90
Event: 58.826 Thread 0x000001e8ceb5e0c0 Thread added: 0x000001e8ceb5e0c0
Event: 58.827 Thread 0x000001e8ce5ed5e0 Thread added: 0x000001e8ce5ed5e0
Event: 58.832 Thread 0x000001e8ce5edab0 Thread added: 0x000001e8ce5edab0
Event: 58.848 Thread 0x000001e8ce5edf80 Thread added: 0x000001e8ce5edf80
Event: 58.884 Thread 0x000001e8ce5eb900 Thread added: 0x000001e8ce5eb900


Dynamic libraries:
0x00007ff726c10000 - 0x00007ff726c1a000 	C:\Program Files\Android\Android Studio\jbr\bin\java.exe
0x00007ffd36eb0000 - 0x00007ffd370a8000 	C:\Windows\SYSTEM32\ntdll.dll
0x00007ffd36d20000 - 0x00007ffd36ddf000 	C:\Windows\System32\KERNEL32.DLL
0x00007ffd34590000 - 0x00007ffd34886000 	C:\Windows\System32\KERNELBASE.dll
0x00007ffd1aa60000 - 0x00007ffd1aa77000 	C:\Program Files\Android\Android Studio\jbr\bin\jli.dll
0x00007ffd34900000 - 0x00007ffd34a00000 	C:\Windows\System32\ucrtbase.dll
0x00007ffd36230000 - 0x00007ffd363cd000 	C:\Windows\System32\USER32.dll
0x00007ffd34a00000 - 0x00007ffd34a22000 	C:\Windows\System32\win32u.dll
0x00007ffd36960000 - 0x00007ffd3698c000 	C:\Windows\System32\GDI32.dll
0x00007ffd34b60000 - 0x00007ffd34c75000 	C:\Windows\System32\gdi32full.dll
0x00007ffd34c80000 - 0x00007ffd34d1d000 	C:\Windows\System32\msvcp_win.dll
0x00007ffd224b0000 - 0x00007ffd2274a000 	C:\Windows\WinSxS\amd64_microsoft.windows.common-controls_6595b64144ccf1df_6.0.19041.1110_none_60b5254171f9507e\COMCTL32.dll
0x00007ffd36090000 - 0x00007ffd3612e000 	C:\Windows\System32\msvcrt.dll
0x00007ffd1a8e0000 - 0x00007ffd1a8fb000 	C:\Program Files\Android\Android Studio\jbr\bin\VCRUNTIME140.dll
0x00007ffd36b70000 - 0x00007ffd36ba0000 	C:\Windows\System32\IMM32.DLL
0x00007ffd23920000 - 0x00007ffd2392c000 	C:\Program Files\Android\Android Studio\jbr\bin\vcruntime140_1.dll
0x00007ffd07350000 - 0x00007ffd073dd000 	C:\Program Files\Android\Android Studio\jbr\bin\msvcp140.dll
0x00007ffcbd6e0000 - 0x00007ffcbe34d000 	C:\Program Files\Android\Android Studio\jbr\bin\server\jvm.dll
0x00007ffd363d0000 - 0x00007ffd3647f000 	C:\Windows\System32\ADVAPI32.dll
0x00007ffd36990000 - 0x00007ffd36a2c000 	C:\Windows\System32\sechost.dll
0x00007ffd35700000 - 0x00007ffd35826000 	C:\Windows\System32\RPCRT4.dll
0x00007ffd23890000 - 0x00007ffd23899000 	C:\Windows\SYSTEM32\WSOCK32.dll
0x00007ffd361c0000 - 0x00007ffd3622b000 	C:\Windows\System32\WS2_32.dll
0x00007ffd29f90000 - 0x00007ffd29fb7000 	C:\Windows\SYSTEM32\WINMM.dll
0x00007ffd29fc0000 - 0x00007ffd29fca000 	C:\Windows\SYSTEM32\VERSION.dll
0x00007ffd32440000 - 0x00007ffd32452000 	C:\Windows\SYSTEM32\kernel.appcore.dll
0x00007ffd23880000 - 0x00007ffd2388a000 	C:\Program Files\Android\Android Studio\jbr\bin\jimage.dll
0x00007ffd23a40000 - 0x00007ffd23c24000 	C:\Windows\SYSTEM32\DBGHELP.DLL
0x00007ffd23a00000 - 0x00007ffd23a34000 	C:\Windows\SYSTEM32\dbgcore.DLL
0x00007ffd34d20000 - 0x00007ffd34da2000 	C:\Windows\System32\bcryptPrimitives.dll
0x00007ffceca60000 - 0x00007ffceca85000 	C:\Program Files\Android\Android Studio\jbr\bin\java.dll
0x00007ffceca40000 - 0x00007ffceca58000 	C:\Program Files\Android\Android Studio\jbr\bin\zip.dll
0x00007ffd35830000 - 0x00007ffd35f74000 	C:\Windows\System32\SHELL32.dll
0x00007ffd32640000 - 0x00007ffd32dd3000 	C:\Windows\SYSTEM32\windows.storage.dll
0x00007ffd35050000 - 0x00007ffd353a4000 	C:\Windows\System32\combase.dll
0x00007ffd33fe0000 - 0x00007ffd3400e000 	C:\Windows\SYSTEM32\Wldp.dll
0x00007ffd35f80000 - 0x00007ffd3602d000 	C:\Windows\System32\SHCORE.dll
0x00007ffd353c0000 - 0x00007ffd35415000 	C:\Windows\System32\shlwapi.dll
0x00007ffd344d0000 - 0x00007ffd344ef000 	C:\Windows\SYSTEM32\profapi.dll
0x00007ffceca20000 - 0x00007ffceca39000 	C:\Program Files\Android\Android Studio\jbr\bin\net.dll
0x00007ffd2b2b0000 - 0x00007ffd2b3ba000 	C:\Windows\SYSTEM32\WINHTTP.dll
0x00007ffd33d40000 - 0x00007ffd33daa000 	C:\Windows\system32\mswsock.dll
0x00007ffceca00000 - 0x00007ffceca16000 	C:\Program Files\Android\Android Studio\jbr\bin\nio.dll
0x00007ffd0dd60000 - 0x00007ffd0dd70000 	C:\Program Files\Android\Android Studio\jbr\bin\verify.dll
0x00007ffd27640000 - 0x00007ffd27667000 	C:\Users\Lumian\.gradle\native\e1d6ef7f7dcc3fd88c89a11ec53ec762bb8ba0a96d01ffa2cd45eb1d1d8dd5c5\windows-amd64\native-platform.dll
0x00007ffd06fe0000 - 0x00007ffd07124000 	C:\Users\Lumian\.gradle\native\5664cfc778a61ccfe75a443a1ab52a65af34e5dc3c78e0209fed803814484fcb\windows-amd64\native-platform-file-events.dll
0x00007ffd14000000 - 0x00007ffd14009000 	C:\Program Files\Android\Android Studio\jbr\bin\management.dll
0x00007ffd13fc0000 - 0x00007ffd13fcb000 	C:\Program Files\Android\Android Studio\jbr\bin\management_ext.dll
0x00007ffd36de0000 - 0x00007ffd36de8000 	C:\Windows\System32\PSAPI.DLL
0x00007ffd33f30000 - 0x00007ffd33f48000 	C:\Windows\SYSTEM32\CRYPTSP.dll
0x00007ffd335f0000 - 0x00007ffd33624000 	C:\Windows\system32\rsaenh.dll
0x00007ffd34a30000 - 0x00007ffd34a57000 	C:\Windows\System32\bcrypt.dll
0x00007ffd34490000 - 0x00007ffd344be000 	C:\Windows\SYSTEM32\USERENV.dll
0x00007ffd33f50000 - 0x00007ffd33f5c000 	C:\Windows\SYSTEM32\CRYPTBASE.dll
0x00007ffd339e0000 - 0x00007ffd33a1c000 	C:\Windows\SYSTEM32\IPHLPAPI.DLL
0x00007ffd353b0000 - 0x00007ffd353b8000 	C:\Windows\System32\NSI.dll
0x00007ffd2c210000 - 0x00007ffd2c227000 	C:\Windows\SYSTEM32\dhcpcsvc6.DLL
0x00007ffd2c950000 - 0x00007ffd2c96d000 	C:\Windows\SYSTEM32\dhcpcsvc.DLL
0x00007ffd33a30000 - 0x00007ffd33afa000 	C:\Windows\SYSTEM32\DNSAPI.dll
0x00007ffce9980000 - 0x00007ffce9987000 	C:\Windows\system32\wshunix.dll

dbghelp: loaded successfully - version: 4.0.5 - missing functions: none
symbol engine: initialized successfully - sym options: 0x614 - pdb path: .;C:\Program Files\Android\Android Studio\jbr\bin;C:\Windows\SYSTEM32;C:\Windows\WinSxS\amd64_microsoft.windows.common-controls_6595b64144ccf1df_6.0.19041.1110_none_60b5254171f9507e;C:\Program Files\Android\Android Studio\jbr\bin\server;C:\Users\Lumian\.gradle\native\e1d6ef7f7dcc3fd88c89a11ec53ec762bb8ba0a96d01ffa2cd45eb1d1d8dd5c5\windows-amd64;C:\Users\Lumian\.gradle\native\5664cfc778a61ccfe75a443a1ab52a65af34e5dc3c78e0209fed803814484fcb\windows-amd64

VM Arguments:
jvm_args: --add-opens=java.base/java.util=ALL-UNNAMED --add-opens=java.base/java.lang=ALL-UNNAMED --add-opens=java.base/java.lang.invoke=ALL-UNNAMED --add-opens=java.base/java.util=ALL-UNNAMED --add-opens=java.prefs/java.util.prefs=ALL-UNNAMED --add-opens=java.prefs/java.util.prefs=ALL-UNNAMED --add-opens=java.base/java.nio.charset=ALL-UNNAMED --add-opens=java.base/java.net=ALL-UNNAMED --add-opens=java.base/java.util.concurrent.atomic=ALL-UNNAMED -Xmx1536m -Dfile.encoding=windows-1252 -Duser.country=PH -Duser.language=en -Duser.variant 
java_command: org.gradle.launcher.daemon.bootstrap.GradleDaemon 7.2
java_class_path (initial): C:\Users\Lumian\.gradle\wrapper\dists\gradle-7.2-bin\2dnblmf4td7x66yl1d74lt32g\gradle-7.2\lib\gradle-launcher-7.2.jar
Launcher Type: SUN_STANDARD

[Global flags]
     intx CICompilerCount                          = 4                                         {product} {ergonomic}
     uint ConcGCThreads                            = 2                                         {product} {ergonomic}
     uint G1ConcRefinementThreads                  = 8                                         {product} {ergonomic}
   size_t G1HeapRegionSize                         = 1048576                                   {product} {ergonomic}
    uintx GCDrainStackTargetSize                   = 64                                        {product} {ergonomic}
   size_t InitialHeapSize                          = 167772160                                 {product} {ergonomic}
   size_t MarkStackSize                            = 4194304                                   {product} {ergonomic}
   size_t MaxHeapSize                              = 1610612736                                {product} {command line}
   size_t MaxNewSize                               = 965738496                                 {product} {ergonomic}
   size_t MinHeapDeltaBytes                        = 1048576                                   {product} {ergonomic}
   size_t MinHeapSize                              = 8388608                                   {product} {ergonomic}
    uintx NonNMethodCodeHeapSize                   = 5839372                                {pd product} {ergonomic}
    uintx NonProfiledCodeHeapSize                  = 122909434                              {pd product} {ergonomic}
    uintx ProfiledCodeHeapSize                     = 122909434                              {pd product} {ergonomic}
    uintx ReservedCodeCacheSize                    = 251658240                              {pd product} {ergonomic}
     bool SegmentedCodeCache                       = true                                      {product} {ergonomic}
   size_t SoftMaxHeapSize                          = 1610612736                             {manageable} {ergonomic}
     bool UseCompressedClassPointers               = true                           {product lp64_product} {ergonomic}
     bool UseCompressedOops                        = true                           {product lp64_product} {ergonomic}
     bool UseG1GC                                  = true                                      {product} {ergonomic}
     bool UseLargePagesIndividualAllocation        = false                                  {pd product} {ergonomic}

Logging:
Log output configuration:
 #0: stdout all=warning uptime,level,tags
 #1: stderr all=off uptime,level,tags

Environment Variables:
CLASSPATH=C:\mysql-connector-j-8.0.33.jar;.
PATH=C:\Python311\Scripts\;C:\Python311\;C:\Program Files\Common Files\Oracle\Java\javapath;C:\Program Files (x86)\Common Files\Intel\Shared Libraries\redist\intel64\compiler;C:\Windows\system32;C:\Windows;C:\Windows\System32\Wbem;C:\Windows\System32\WindowsPowerShell\v1.0\;C:\Windows\System32\OpenSSH\;C:\Program Files\Microsoft SQL Server\Client SDK\ODBC\170\Tools\Binn\;C:\Program Files\dotnet\;C:\Program Files\MongoDB\Server\6.0\bin;C:\mongosh-1.6.1-win32-x64\bin;C:\Program Files\Git\cmd;C:\Program Files (x86)\Microsoft SQL Server\160\DTS\Binn\;C:\Program Files\Azure Data Studio\bin;C:\Program Files (x86)\Microsoft SQL Server\150\Tools\Binn\;C:\Program Files\Microsoft SQL Server\150\Tools\Binn\;C:\Program Files\Microsoft SQL Server\150\DTS\Binn\;C:\Program Files\MySQL\MySQL Shell 8.0\bin;C:\Program Files\MySQL\MySQL Server 8.0\bin;C:\xampp\php\php-8.2.5;C:\xampp\php;C:\Program Files\nodejs\;C:\ProgramData\chocolatey\bin;C:\ProgramData\ComposerSetup\bin;C:\Users\Lumian\AppData\Local\Programs\Python\Python310\Scripts\;C:\Users\Lumian\AppData\Local\Programs\Python\Python310\;C:\Users\Lumian\AppData\Local\Microsoft\WindowsApps;C:\Users\Lumian\.dotnet\tools;C:\Program Files\Azure Data Studio\bin;C:\Users\Lumian\AppData\Local\Programs\Microsoft VS Code\bin;C:\Program Files\Azure Data Studio\bin;C:\xampp\php\php-8.2.5;C:\xampp\php;C:\Users\Lumian\AppData\Roaming\npm;C:\Program Files\nodejs;C:\Users\Lumian\AppData\Roaming\Composer\vendor\bin
USERNAME=Lumian
OS=Windows_NT
PROCESSOR_IDENTIFIER=AMD64 Family 23 Model 24 Stepping 1, AuthenticAMD
TMP=C:\Users\Lumian\AppData\Local\Temp
TEMP=C:\Users\Lumian\AppData\Local\Temp



---------------  S Y S T E M  ---------------

OS:
 Windows 10 , 64 bit Build 19041 (10.0.19041.3031)
OS uptime: 0 days 2:34 hours

CPU: total 8 (initial active 8) (8 cores per cpu, 2 threads per core) family 23 model 24 stepping 1 microcode 0x0, cx8, cmov, fxsr, ht, mmx, 3dnowpref, sse, sse2, sse3, ssse3, sse4a, sse4.1, sse4.2, popcnt, lzcnt, tsc, tscinvbit, avx, avx2, aes, clmul, bmi1, bmi2, adx, sha, fma, vzeroupper, clflush, clflushopt

Memory: 4k page, system-wide physical 10178M (493M free)
TotalPageFile size 13068M (AvailPageFile size 4M)
current process WorkingSet (physical memory assigned to process): 427M, peak: 463M
current process commit charge ("private bytes"): 470M, peak: 513M

vm_info: OpenJDK 64-Bit Server VM (17.0.6+0-b2043.56-9586694) for windows-amd64 JRE (17.0.6+0-b2043.56-9586694), built on Feb  9 2023 20:06:20 by "androidbuild" with MS VC++ 16.10 / 16.11 (VS2019)

END.
